<?xml version="1.0" encoding="UTF-8"?>
<testsuites name="New Test Suite" time="84.905" tests="7" failures="0" errors="0">
   <testsuite name="New Test Suite" tests="7" failures="0" errors="0" time="84.905" skipped="0" timestamp="07-06-2024T13:37:05" hostname="SonTung - LAPTOP-FS2TU90B" id="Test Suites/New Test Suite">
      <properties>
         <property name="deviceName" value=""/>
         <property name="devicePlatform"/>
         <property name="logFolder" value="C:\\Users\\SonTung\\git\\test\\Reports\\20240607_133659\\New Test Suite\\20240607_133659"/>
         <property name="logFiles" value="C:\\Users\\SonTung\\git\\test\\Reports\\20240607_133659\\New Test Suite\\20240607_133659\\execution0.log"/>
         <property name="attachments" value=""/>
         <property name="hostName" value="SonTung - LAPTOP-FS2TU90B"/>
         <property name="os" value="Windows 11 64bit"/>
         <property name="katalonVersion" value="9.5.0.217"/>
         <property name="browser" value="Firefox 126.0"/>
         <property name="hostAddress" value="192.168.1.189"/>
         <property name="sessionId" value="24d83165-7cd4-4d99-a5dd-d1e7d3bf0ee2"/>
         <property name="seleniumVersion" value="3.141.59"/>
         <property name="proxyInformation" value="ProxyInformation { proxyOption=NO_PROXY, proxyServerType=HTTP, username=, password=********, proxyServerAddress=, proxyServerPort=0, executionList=&quot;&quot;, isApplyToDesiredCapabilities=true }"/>
         <property name="platform" value="Windows 11"/>
      </properties>
      <testcase name="Test Cases/tc1 - Copy (1)" time="11.608" classname="Test Cases/tc1 - Copy (1)" status="PASSED">
         <system-out><![CDATA[07-06-2024T13:37:05 - [TEST_CASE][PASSED] - Test Cases/tc1 - Copy (1): Test Cases/tc1 - Copy (1)

07-06-2024T13:37:06 - [TEST_STEP][PASSED] - openBrowser(""): Browser is opened with url: ''

07-06-2024T13:37:06 - [MESSAGE][INFO] - Starting 'Firefox (headless)' driver

07-06-2024T13:37:06 - [MESSAGE][INFO] - Action delay is set to 0 milliseconds

07-06-2024T13:37:09 - [MESSAGE][PASSED] - Browser is opened with url: ''

07-06-2024T13:37:09 - [TEST_STEP][PASSED] - navigateToUrl("https://doodles.google/about/"): Navigate to 'https://doodles.google/about/' successfully

07-06-2024T13:37:11 - [MESSAGE][PASSED] - Navigate to 'https://doodles.google/about/' successfully

07-06-2024T13:37:11 - [TEST_STEP][PASSED] - click(findTestObject("Object Repository/Page_The Story and Evolution of Doodles - G_6e786d/p_The first Doodle was a simple out-of-offi_345e61")): Object: 'Object Repository/Page_The Story and Evolution of Doodles - G_6e786d/p_The first Doodle was a simple out-of-offi_345e61' is clicked on

07-06-2024T13:37:11 - [MESSAGE][PASSED] - Object: 'Object Repository/Page_The Story and Evolution of Doodles - G_6e786d/p_The first Doodle was a simple out-of-offi_345e61' is clicked on

07-06-2024T13:37:11 - [TEST_STEP][PASSED] - click(findTestObject("Object Repository/Page_The Story and Evolution of Doodles - G_6e786d/p_The first Doodle was a simple out-of-offi_345e61")): Object: 'Object Repository/Page_The Story and Evolution of Doodles - G_6e786d/p_The first Doodle was a simple out-of-offi_345e61' is clicked on

07-06-2024T13:37:12 - [MESSAGE][PASSED] - Object: 'Object Repository/Page_The Story and Evolution of Doodles - G_6e786d/p_The first Doodle was a simple out-of-offi_345e61' is clicked on

07-06-2024T13:37:12 - [TEST_STEP][PASSED] - verifyElementVisible(findTestObject("Object Repository/Page_The Story and Evolution of Doodles - G_6e786d/h1_The story behind Doodles")): Object 'Object Repository/Page_The Story and Evolution of Doodles - G_6e786d/h1_The story behind Doodles' is visible

07-06-2024T13:37:12 - [MESSAGE][PASSED] - Object 'Object Repository/Page_The Story and Evolution of Doodles - G_6e786d/h1_The story behind Doodles' is visible

07-06-2024T13:37:12 - [TEST_STEP][PASSED] - verifyElementVisible(findTestObject("Object Repository/Page_The Story and Evolution of Doodles - G_6e786d/p_The first Doodle was a simple out-of-offi_345e61")): Object 'Object Repository/Page_The Story and Evolution of Doodles - G_6e786d/p_The first Doodle was a simple out-of-offi_345e61' is visible

07-06-2024T13:37:12 - [MESSAGE][PASSED] - Object 'Object Repository/Page_The Story and Evolution of Doodles - G_6e786d/p_The first Doodle was a simple out-of-offi_345e61' is visible

07-06-2024T13:37:12 - [TEST_STEP][PASSED] - verifyElementVisible(findTestObject("Object Repository/Page_The Story and Evolution of Doodles - G_6e786d/h2_Weve created more than 5,000 Doodles ove_111429")): Object 'Object Repository/Page_The Story and Evolution of Doodles - G_6e786d/h2_Weve created more than 5,000 Doodles ove_111429' is visible

07-06-2024T13:37:12 - [MESSAGE][PASSED] - Object 'Object Repository/Page_The Story and Evolution of Doodles - G_6e786d/h2_Weve created more than 5,000 Doodles ove_111429' is visible

07-06-2024T13:37:12 - [TEST_STEP][PASSED] - verifyElementVisible(findTestObject("Object Repository/Page_The Story and Evolution of Doodles - G_6e786d/h1_The story behind Doodles")): Object 'Object Repository/Page_The Story and Evolution of Doodles - G_6e786d/h1_The story behind Doodles' is visible

07-06-2024T13:37:12 - [MESSAGE][PASSED] - Object 'Object Repository/Page_The Story and Evolution of Doodles - G_6e786d/h1_The story behind Doodles' is visible

07-06-2024T13:37:12 - [TEST_STEP][PASSED] - verifyElementVisible(findTestObject("Object Repository/Page_The Story and Evolution of Doodles - G_6e786d/p_The first Doodle was a simple out-of-offi_345e61")): Object 'Object Repository/Page_The Story and Evolution of Doodles - G_6e786d/p_The first Doodle was a simple out-of-offi_345e61' is visible

07-06-2024T13:37:12 - [MESSAGE][PASSED] - Object 'Object Repository/Page_The Story and Evolution of Doodles - G_6e786d/p_The first Doodle was a simple out-of-offi_345e61' is visible

07-06-2024T13:37:12 - [TEST_STEP][PASSED] - verifyElementVisible(findTestObject("Object Repository/Page_The Story and Evolution of Doodles - G_6e786d/h2_Weve created more than 5,000 Doodles ove_111429")): Object 'Object Repository/Page_The Story and Evolution of Doodles - G_6e786d/h2_Weve created more than 5,000 Doodles ove_111429' is visible

07-06-2024T13:37:12 - [MESSAGE][PASSED] - Object 'Object Repository/Page_The Story and Evolution of Doodles - G_6e786d/h2_Weve created more than 5,000 Doodles ove_111429' is visible

07-06-2024T13:37:12 - [TEST_STEP][PASSED] - click(findTestObject("Object Repository/Page_The Story and Evolution of Doodles - G_6e786d/p_The first Doodle was a simple out-of-offi_345e61")): Object: 'Object Repository/Page_The Story and Evolution of Doodles - G_6e786d/p_The first Doodle was a simple out-of-offi_345e61' is clicked on

07-06-2024T13:37:12 - [MESSAGE][PASSED] - Object: 'Object Repository/Page_The Story and Evolution of Doodles - G_6e786d/p_The first Doodle was a simple out-of-offi_345e61' is clicked on

07-06-2024T13:37:13 - [TEST_STEP][PASSED] - verifyElementVisible(findTestObject("Object Repository/Page_The Story and Evolution of Doodles - G_6e786d/h1_The story behind Doodles")): Object 'Object Repository/Page_The Story and Evolution of Doodles - G_6e786d/h1_The story behind Doodles' is visible

07-06-2024T13:37:13 - [MESSAGE][PASSED] - Object 'Object Repository/Page_The Story and Evolution of Doodles - G_6e786d/h1_The story behind Doodles' is visible

07-06-2024T13:37:13 - [TEST_STEP][PASSED] - verifyElementVisible(findTestObject("Object Repository/Page_The Story and Evolution of Doodles - G_6e786d/p_The first Doodle was a simple out-of-offi_345e61")): Object 'Object Repository/Page_The Story and Evolution of Doodles - G_6e786d/p_The first Doodle was a simple out-of-offi_345e61' is visible

07-06-2024T13:37:13 - [MESSAGE][PASSED] - Object 'Object Repository/Page_The Story and Evolution of Doodles - G_6e786d/p_The first Doodle was a simple out-of-offi_345e61' is visible

07-06-2024T13:37:13 - [TEST_STEP][PASSED] - verifyElementVisible(findTestObject("Object Repository/Page_The Story and Evolution of Doodles - G_6e786d/h2_Weve created more than 5,000 Doodles ove_111429")): Object 'Object Repository/Page_The Story and Evolution of Doodles - G_6e786d/h2_Weve created more than 5,000 Doodles ove_111429' is visible

07-06-2024T13:37:13 - [MESSAGE][PASSED] - Object 'Object Repository/Page_The Story and Evolution of Doodles - G_6e786d/h2_Weve created more than 5,000 Doodles ove_111429' is visible

07-06-2024T13:37:13 - [TEST_STEP][PASSED] - click(findTestObject("Object Repository/Page_The Story and Evolution of Doodles - G_6e786d/p_The first Doodle was a simple out-of-offi_345e61")): Object: 'Object Repository/Page_The Story and Evolution of Doodles - G_6e786d/p_The first Doodle was a simple out-of-offi_345e61' is clicked on

07-06-2024T13:37:13 - [MESSAGE][PASSED] - Object: 'Object Repository/Page_The Story and Evolution of Doodles - G_6e786d/p_The first Doodle was a simple out-of-offi_345e61' is clicked on

07-06-2024T13:37:13 - [TEST_STEP][PASSED] - verifyElementVisible(findTestObject("Object Repository/Page_The Story and Evolution of Doodles - G_6e786d/h1_The story behind Doodles")): Object 'Object Repository/Page_The Story and Evolution of Doodles - G_6e786d/h1_The story behind Doodles' is visible

07-06-2024T13:37:13 - [MESSAGE][PASSED] - Object 'Object Repository/Page_The Story and Evolution of Doodles - G_6e786d/h1_The story behind Doodles' is visible

07-06-2024T13:37:13 - [TEST_STEP][PASSED] - verifyElementVisible(findTestObject("Object Repository/Page_The Story and Evolution of Doodles - G_6e786d/p_The first Doodle was a simple out-of-offi_345e61")): Object 'Object Repository/Page_The Story and Evolution of Doodles - G_6e786d/p_The first Doodle was a simple out-of-offi_345e61' is visible

07-06-2024T13:37:13 - [MESSAGE][PASSED] - Object 'Object Repository/Page_The Story and Evolution of Doodles - G_6e786d/p_The first Doodle was a simple out-of-offi_345e61' is visible

07-06-2024T13:37:13 - [TEST_STEP][PASSED] - verifyElementVisible(findTestObject("Object Repository/Page_The Story and Evolution of Doodles - G_6e786d/h2_Weve created more than 5,000 Doodles ove_111429")): Object 'Object Repository/Page_The Story and Evolution of Doodles - G_6e786d/h2_Weve created more than 5,000 Doodles ove_111429' is visible

07-06-2024T13:37:13 - [MESSAGE][PASSED] - Object 'Object Repository/Page_The Story and Evolution of Doodles - G_6e786d/h2_Weve created more than 5,000 Doodles ove_111429' is visible

07-06-2024T13:37:13 - [TEST_STEP][PASSED] - click(findTestObject("Object Repository/Page_The Story and Evolution of Doodles - G_6e786d/p_The first Doodle was a simple out-of-offi_345e61")): Object: 'Object Repository/Page_The Story and Evolution of Doodles - G_6e786d/p_The first Doodle was a simple out-of-offi_345e61' is clicked on

07-06-2024T13:37:13 - [MESSAGE][PASSED] - Object: 'Object Repository/Page_The Story and Evolution of Doodles - G_6e786d/p_The first Doodle was a simple out-of-offi_345e61' is clicked on

07-06-2024T13:37:14 - [TEST_STEP][PASSED] - verifyElementVisible(findTestObject("Object Repository/Page_The Story and Evolution of Doodles - G_6e786d/h1_The story behind Doodles")): Object 'Object Repository/Page_The Story and Evolution of Doodles - G_6e786d/h1_The story behind Doodles' is visible

07-06-2024T13:37:14 - [MESSAGE][PASSED] - Object 'Object Repository/Page_The Story and Evolution of Doodles - G_6e786d/h1_The story behind Doodles' is visible

07-06-2024T13:37:14 - [TEST_STEP][PASSED] - verifyElementVisible(findTestObject("Object Repository/Page_The Story and Evolution of Doodles - G_6e786d/p_The first Doodle was a simple out-of-offi_345e61")): Object 'Object Repository/Page_The Story and Evolution of Doodles - G_6e786d/p_The first Doodle was a simple out-of-offi_345e61' is visible

07-06-2024T13:37:14 - [MESSAGE][PASSED] - Object 'Object Repository/Page_The Story and Evolution of Doodles - G_6e786d/p_The first Doodle was a simple out-of-offi_345e61' is visible

07-06-2024T13:37:14 - [TEST_STEP][PASSED] - verifyElementVisible(findTestObject("Object Repository/Page_The Story and Evolution of Doodles - G_6e786d/h2_Weve created more than 5,000 Doodles ove_111429")): Object 'Object Repository/Page_The Story and Evolution of Doodles - G_6e786d/h2_Weve created more than 5,000 Doodles ove_111429' is visible

07-06-2024T13:37:14 - [MESSAGE][PASSED] - Object 'Object Repository/Page_The Story and Evolution of Doodles - G_6e786d/h2_Weve created more than 5,000 Doodles ove_111429' is visible

07-06-2024T13:37:14 - [TEST_STEP][PASSED] - click(findTestObject("Object Repository/Page_The Story and Evolution of Doodles - G_6e786d/p_The first Doodle was a simple out-of-offi_345e61")): Object: 'Object Repository/Page_The Story and Evolution of Doodles - G_6e786d/p_The first Doodle was a simple out-of-offi_345e61' is clicked on

07-06-2024T13:37:14 - [MESSAGE][PASSED] - Object: 'Object Repository/Page_The Story and Evolution of Doodles - G_6e786d/p_The first Doodle was a simple out-of-offi_345e61' is clicked on

07-06-2024T13:37:14 - [TEST_STEP][PASSED] - verifyElementVisible(findTestObject("Object Repository/Page_The Story and Evolution of Doodles - G_6e786d/h1_The story behind Doodles")): Object 'Object Repository/Page_The Story and Evolution of Doodles - G_6e786d/h1_The story behind Doodles' is visible

07-06-2024T13:37:14 - [MESSAGE][PASSED] - Object 'Object Repository/Page_The Story and Evolution of Doodles - G_6e786d/h1_The story behind Doodles' is visible

07-06-2024T13:37:14 - [TEST_STEP][PASSED] - verifyElementVisible(findTestObject("Object Repository/Page_The Story and Evolution of Doodles - G_6e786d/p_The first Doodle was a simple out-of-offi_345e61")): Object 'Object Repository/Page_The Story and Evolution of Doodles - G_6e786d/p_The first Doodle was a simple out-of-offi_345e61' is visible

07-06-2024T13:37:14 - [MESSAGE][PASSED] - Object 'Object Repository/Page_The Story and Evolution of Doodles - G_6e786d/p_The first Doodle was a simple out-of-offi_345e61' is visible

07-06-2024T13:37:14 - [TEST_STEP][PASSED] - verifyElementVisible(findTestObject("Object Repository/Page_The Story and Evolution of Doodles - G_6e786d/h2_Weve created more than 5,000 Doodles ove_111429")): Object 'Object Repository/Page_The Story and Evolution of Doodles - G_6e786d/h2_Weve created more than 5,000 Doodles ove_111429' is visible

07-06-2024T13:37:14 - [MESSAGE][PASSED] - Object 'Object Repository/Page_The Story and Evolution of Doodles - G_6e786d/h2_Weve created more than 5,000 Doodles ove_111429' is visible

07-06-2024T13:37:14 - [TEST_STEP][PASSED] - click(findTestObject("Object Repository/Page_The Story and Evolution of Doodles - G_6e786d/p_The first Doodle was a simple out-of-offi_345e61")): Object: 'Object Repository/Page_The Story and Evolution of Doodles - G_6e786d/p_The first Doodle was a simple out-of-offi_345e61' is clicked on

07-06-2024T13:37:15 - [MESSAGE][PASSED] - Object: 'Object Repository/Page_The Story and Evolution of Doodles - G_6e786d/p_The first Doodle was a simple out-of-offi_345e61' is clicked on

07-06-2024T13:37:15 - [TEST_STEP][PASSED] - verifyElementVisible(findTestObject("Object Repository/Page_The Story and Evolution of Doodles - G_6e786d/h1_The story behind Doodles")): Object 'Object Repository/Page_The Story and Evolution of Doodles - G_6e786d/h1_The story behind Doodles' is visible

07-06-2024T13:37:15 - [MESSAGE][PASSED] - Object 'Object Repository/Page_The Story and Evolution of Doodles - G_6e786d/h1_The story behind Doodles' is visible

07-06-2024T13:37:15 - [TEST_STEP][PASSED] - verifyElementVisible(findTestObject("Object Repository/Page_The Story and Evolution of Doodles - G_6e786d/p_The first Doodle was a simple out-of-offi_345e61")): Object 'Object Repository/Page_The Story and Evolution of Doodles - G_6e786d/p_The first Doodle was a simple out-of-offi_345e61' is visible

07-06-2024T13:37:15 - [MESSAGE][PASSED] - Object 'Object Repository/Page_The Story and Evolution of Doodles - G_6e786d/p_The first Doodle was a simple out-of-offi_345e61' is visible

07-06-2024T13:37:15 - [TEST_STEP][PASSED] - verifyElementVisible(findTestObject("Object Repository/Page_The Story and Evolution of Doodles - G_6e786d/h2_Weve created more than 5,000 Doodles ove_111429")): Object 'Object Repository/Page_The Story and Evolution of Doodles - G_6e786d/h2_Weve created more than 5,000 Doodles ove_111429' is visible

07-06-2024T13:37:15 - [MESSAGE][PASSED] - Object 'Object Repository/Page_The Story and Evolution of Doodles - G_6e786d/h2_Weve created more than 5,000 Doodles ove_111429' is visible

07-06-2024T13:37:15 - [TEST_STEP][PASSED] - click(findTestObject("Object Repository/Page_The Story and Evolution of Doodles - G_6e786d/p_The first Doodle was a simple out-of-offi_345e61")): Object: 'Object Repository/Page_The Story and Evolution of Doodles - G_6e786d/p_The first Doodle was a simple out-of-offi_345e61' is clicked on

07-06-2024T13:37:15 - [MESSAGE][PASSED] - Object: 'Object Repository/Page_The Story and Evolution of Doodles - G_6e786d/p_The first Doodle was a simple out-of-offi_345e61' is clicked on

07-06-2024T13:37:15 - [TEST_STEP][PASSED] - verifyElementVisible(findTestObject("Object Repository/Page_The Story and Evolution of Doodles - G_6e786d/h1_The story behind Doodles")): Object 'Object Repository/Page_The Story and Evolution of Doodles - G_6e786d/h1_The story behind Doodles' is visible

07-06-2024T13:37:15 - [MESSAGE][PASSED] - Object 'Object Repository/Page_The Story and Evolution of Doodles - G_6e786d/h1_The story behind Doodles' is visible

07-06-2024T13:37:15 - [TEST_STEP][PASSED] - verifyElementVisible(findTestObject("Object Repository/Page_The Story and Evolution of Doodles - G_6e786d/p_The first Doodle was a simple out-of-offi_345e61")): Object 'Object Repository/Page_The Story and Evolution of Doodles - G_6e786d/p_The first Doodle was a simple out-of-offi_345e61' is visible

07-06-2024T13:37:15 - [MESSAGE][PASSED] - Object 'Object Repository/Page_The Story and Evolution of Doodles - G_6e786d/p_The first Doodle was a simple out-of-offi_345e61' is visible

07-06-2024T13:37:15 - [TEST_STEP][PASSED] - verifyElementVisible(findTestObject("Object Repository/Page_The Story and Evolution of Doodles - G_6e786d/h2_Weve created more than 5,000 Doodles ove_111429")): Object 'Object Repository/Page_The Story and Evolution of Doodles - G_6e786d/h2_Weve created more than 5,000 Doodles ove_111429' is visible

07-06-2024T13:37:15 - [MESSAGE][PASSED] - Object 'Object Repository/Page_The Story and Evolution of Doodles - G_6e786d/h2_Weve created more than 5,000 Doodles ove_111429' is visible

07-06-2024T13:37:15 - [TEST_STEP][PASSED] - click(findTestObject("Object Repository/Page_The Story and Evolution of Doodles - G_6e786d/p_The first Doodle was a simple out-of-offi_345e61")): Object: 'Object Repository/Page_The Story and Evolution of Doodles - G_6e786d/p_The first Doodle was a simple out-of-offi_345e61' is clicked on

07-06-2024T13:37:16 - [MESSAGE][PASSED] - Object: 'Object Repository/Page_The Story and Evolution of Doodles - G_6e786d/p_The first Doodle was a simple out-of-offi_345e61' is clicked on

07-06-2024T13:37:16 - [TEST_STEP][PASSED] - verifyElementVisible(findTestObject("Object Repository/Page_The Story and Evolution of Doodles - G_6e786d/h1_The story behind Doodles")): Object 'Object Repository/Page_The Story and Evolution of Doodles - G_6e786d/h1_The story behind Doodles' is visible

07-06-2024T13:37:16 - [MESSAGE][PASSED] - Object 'Object Repository/Page_The Story and Evolution of Doodles - G_6e786d/h1_The story behind Doodles' is visible

07-06-2024T13:37:16 - [TEST_STEP][PASSED] - verifyElementVisible(findTestObject("Object Repository/Page_The Story and Evolution of Doodles - G_6e786d/p_The first Doodle was a simple out-of-offi_345e61")): Object 'Object Repository/Page_The Story and Evolution of Doodles - G_6e786d/p_The first Doodle was a simple out-of-offi_345e61' is visible

07-06-2024T13:37:16 - [MESSAGE][PASSED] - Object 'Object Repository/Page_The Story and Evolution of Doodles - G_6e786d/p_The first Doodle was a simple out-of-offi_345e61' is visible

07-06-2024T13:37:16 - [TEST_STEP][PASSED] - verifyElementVisible(findTestObject("Object Repository/Page_The Story and Evolution of Doodles - G_6e786d/h2_Weve created more than 5,000 Doodles ove_111429")): Object 'Object Repository/Page_The Story and Evolution of Doodles - G_6e786d/h2_Weve created more than 5,000 Doodles ove_111429' is visible

07-06-2024T13:37:16 - [MESSAGE][PASSED] - Object 'Object Repository/Page_The Story and Evolution of Doodles - G_6e786d/h2_Weve created more than 5,000 Doodles ove_111429' is visible

07-06-2024T13:37:16 - [TEST_STEP][PASSED] - click(findTestObject("Object Repository/Page_The Story and Evolution of Doodles - G_6e786d/p_The first Doodle was a simple out-of-offi_345e61")): Object: 'Object Repository/Page_The Story and Evolution of Doodles - G_6e786d/p_The first Doodle was a simple out-of-offi_345e61' is clicked on

07-06-2024T13:37:16 - [MESSAGE][PASSED] - Object: 'Object Repository/Page_The Story and Evolution of Doodles - G_6e786d/p_The first Doodle was a simple out-of-offi_345e61' is clicked on

07-06-2024T13:37:16 - [TEST_STEP][PASSED] - verifyElementVisible(findTestObject("Object Repository/Page_The Story and Evolution of Doodles - G_6e786d/h1_The story behind Doodles")): Object 'Object Repository/Page_The Story and Evolution of Doodles - G_6e786d/h1_The story behind Doodles' is visible

07-06-2024T13:37:16 - [MESSAGE][PASSED] - Object 'Object Repository/Page_The Story and Evolution of Doodles - G_6e786d/h1_The story behind Doodles' is visible

07-06-2024T13:37:16 - [TEST_STEP][PASSED] - verifyElementVisible(findTestObject("Object Repository/Page_The Story and Evolution of Doodles - G_6e786d/p_The first Doodle was a simple out-of-offi_345e61")): Object 'Object Repository/Page_The Story and Evolution of Doodles - G_6e786d/p_The first Doodle was a simple out-of-offi_345e61' is visible

07-06-2024T13:37:16 - [MESSAGE][PASSED] - Object 'Object Repository/Page_The Story and Evolution of Doodles - G_6e786d/p_The first Doodle was a simple out-of-offi_345e61' is visible

07-06-2024T13:37:16 - [TEST_STEP][PASSED] - verifyElementVisible(findTestObject("Object Repository/Page_The Story and Evolution of Doodles - G_6e786d/h2_Weve created more than 5,000 Doodles ove_111429")): Object 'Object Repository/Page_The Story and Evolution of Doodles - G_6e786d/h2_Weve created more than 5,000 Doodles ove_111429' is visible

07-06-2024T13:37:16 - [MESSAGE][PASSED] - Object 'Object Repository/Page_The Story and Evolution of Doodles - G_6e786d/h2_Weve created more than 5,000 Doodles ove_111429' is visible

07-06-2024T13:37:16 - [TEST_STEP][PASSED] - click(findTestObject("Object Repository/Page_The Story and Evolution of Doodles - G_6e786d/p_The first Doodle was a simple out-of-offi_345e61")): Object: 'Object Repository/Page_The Story and Evolution of Doodles - G_6e786d/p_The first Doodle was a simple out-of-offi_345e61' is clicked on

07-06-2024T13:37:17 - [MESSAGE][PASSED] - Object: 'Object Repository/Page_The Story and Evolution of Doodles - G_6e786d/p_The first Doodle was a simple out-of-offi_345e61' is clicked on

07-06-2024T13:37:17 - [TEST_STEP][PASSED] - verifyElementVisible(findTestObject("Object Repository/Page_The Story and Evolution of Doodles - G_6e786d/h1_The story behind Doodles")): Object 'Object Repository/Page_The Story and Evolution of Doodles - G_6e786d/h1_The story behind Doodles' is visible

07-06-2024T13:37:17 - [MESSAGE][PASSED] - Object 'Object Repository/Page_The Story and Evolution of Doodles - G_6e786d/h1_The story behind Doodles' is visible

07-06-2024T13:37:17 - [TEST_STEP][PASSED] - verifyElementVisible(findTestObject("Object Repository/Page_The Story and Evolution of Doodles - G_6e786d/p_The first Doodle was a simple out-of-offi_345e61")): Object 'Object Repository/Page_The Story and Evolution of Doodles - G_6e786d/p_The first Doodle was a simple out-of-offi_345e61' is visible

07-06-2024T13:37:17 - [MESSAGE][PASSED] - Object 'Object Repository/Page_The Story and Evolution of Doodles - G_6e786d/p_The first Doodle was a simple out-of-offi_345e61' is visible

07-06-2024T13:37:17 - [TEST_STEP][PASSED] - verifyElementVisible(findTestObject("Object Repository/Page_The Story and Evolution of Doodles - G_6e786d/h2_Weve created more than 5,000 Doodles ove_111429")): Object 'Object Repository/Page_The Story and Evolution of Doodles - G_6e786d/h2_Weve created more than 5,000 Doodles ove_111429' is visible

07-06-2024T13:37:17 - [MESSAGE][PASSED] - Object 'Object Repository/Page_The Story and Evolution of Doodles - G_6e786d/h2_Weve created more than 5,000 Doodles ove_111429' is visible]]></system-out>
         <system-err><![CDATA[]]></system-err>
      </testcase>
      <testcase name="Test Cases/tc1 - Copy (2)" time="10.649" classname="Test Cases/tc1 - Copy (2)" status="PASSED">
         <system-out><![CDATA[07-06-2024T13:37:17 - [TEST_CASE][PASSED] - Test Cases/tc1 - Copy (2): Test Cases/tc1 - Copy (2)

07-06-2024T13:37:17 - [TEST_STEP][PASSED] - openBrowser(""): Browser is opened with url: ''

07-06-2024T13:37:17 - [MESSAGE][WARNING] - A browser is already opened. Closing browser and opening a new one

07-06-2024T13:37:18 - [MESSAGE][INFO] - Starting 'Firefox (headless)' driver

07-06-2024T13:37:18 - [MESSAGE][INFO] - Action delay is set to 0 milliseconds

07-06-2024T13:37:20 - [MESSAGE][PASSED] - Browser is opened with url: ''

07-06-2024T13:37:20 - [TEST_STEP][PASSED] - navigateToUrl("https://doodles.google/about/"): Navigate to 'https://doodles.google/about/' successfully

07-06-2024T13:37:22 - [MESSAGE][PASSED] - Navigate to 'https://doodles.google/about/' successfully

07-06-2024T13:37:22 - [TEST_STEP][PASSED] - click(findTestObject("Object Repository/Page_The Story and Evolution of Doodles - G_6e786d/p_The first Doodle was a simple out-of-offi_345e61")): Object: 'Object Repository/Page_The Story and Evolution of Doodles - G_6e786d/p_The first Doodle was a simple out-of-offi_345e61' is clicked on

07-06-2024T13:37:23 - [MESSAGE][PASSED] - Object: 'Object Repository/Page_The Story and Evolution of Doodles - G_6e786d/p_The first Doodle was a simple out-of-offi_345e61' is clicked on

07-06-2024T13:37:23 - [TEST_STEP][PASSED] - click(findTestObject("Object Repository/Page_The Story and Evolution of Doodles - G_6e786d/p_The first Doodle was a simple out-of-offi_345e61")): Object: 'Object Repository/Page_The Story and Evolution of Doodles - G_6e786d/p_The first Doodle was a simple out-of-offi_345e61' is clicked on

07-06-2024T13:37:23 - [MESSAGE][PASSED] - Object: 'Object Repository/Page_The Story and Evolution of Doodles - G_6e786d/p_The first Doodle was a simple out-of-offi_345e61' is clicked on

07-06-2024T13:37:23 - [TEST_STEP][PASSED] - verifyElementVisible(findTestObject("Object Repository/Page_The Story and Evolution of Doodles - G_6e786d/h1_The story behind Doodles")): Object 'Object Repository/Page_The Story and Evolution of Doodles - G_6e786d/h1_The story behind Doodles' is visible

07-06-2024T13:37:23 - [MESSAGE][PASSED] - Object 'Object Repository/Page_The Story and Evolution of Doodles - G_6e786d/h1_The story behind Doodles' is visible

07-06-2024T13:37:23 - [TEST_STEP][PASSED] - verifyElementVisible(findTestObject("Object Repository/Page_The Story and Evolution of Doodles - G_6e786d/p_The first Doodle was a simple out-of-offi_345e61")): Object 'Object Repository/Page_The Story and Evolution of Doodles - G_6e786d/p_The first Doodle was a simple out-of-offi_345e61' is visible

07-06-2024T13:37:23 - [MESSAGE][PASSED] - Object 'Object Repository/Page_The Story and Evolution of Doodles - G_6e786d/p_The first Doodle was a simple out-of-offi_345e61' is visible

07-06-2024T13:37:23 - [TEST_STEP][PASSED] - verifyElementVisible(findTestObject("Object Repository/Page_The Story and Evolution of Doodles - G_6e786d/h2_Weve created more than 5,000 Doodles ove_111429")): Object 'Object Repository/Page_The Story and Evolution of Doodles - G_6e786d/h2_Weve created more than 5,000 Doodles ove_111429' is visible

07-06-2024T13:37:23 - [MESSAGE][PASSED] - Object 'Object Repository/Page_The Story and Evolution of Doodles - G_6e786d/h2_Weve created more than 5,000 Doodles ove_111429' is visible

07-06-2024T13:37:23 - [TEST_STEP][PASSED] - verifyElementVisible(findTestObject("Object Repository/Page_The Story and Evolution of Doodles - G_6e786d/h1_The story behind Doodles")): Object 'Object Repository/Page_The Story and Evolution of Doodles - G_6e786d/h1_The story behind Doodles' is visible

07-06-2024T13:37:23 - [MESSAGE][PASSED] - Object 'Object Repository/Page_The Story and Evolution of Doodles - G_6e786d/h1_The story behind Doodles' is visible

07-06-2024T13:37:23 - [TEST_STEP][PASSED] - verifyElementVisible(findTestObject("Object Repository/Page_The Story and Evolution of Doodles - G_6e786d/p_The first Doodle was a simple out-of-offi_345e61")): Object 'Object Repository/Page_The Story and Evolution of Doodles - G_6e786d/p_The first Doodle was a simple out-of-offi_345e61' is visible

07-06-2024T13:37:23 - [MESSAGE][PASSED] - Object 'Object Repository/Page_The Story and Evolution of Doodles - G_6e786d/p_The first Doodle was a simple out-of-offi_345e61' is visible

07-06-2024T13:37:23 - [TEST_STEP][PASSED] - verifyElementVisible(findTestObject("Object Repository/Page_The Story and Evolution of Doodles - G_6e786d/h2_Weve created more than 5,000 Doodles ove_111429")): Object 'Object Repository/Page_The Story and Evolution of Doodles - G_6e786d/h2_Weve created more than 5,000 Doodles ove_111429' is visible

07-06-2024T13:37:23 - [MESSAGE][PASSED] - Object 'Object Repository/Page_The Story and Evolution of Doodles - G_6e786d/h2_Weve created more than 5,000 Doodles ove_111429' is visible

07-06-2024T13:37:23 - [TEST_STEP][PASSED] - click(findTestObject("Object Repository/Page_The Story and Evolution of Doodles - G_6e786d/p_The first Doodle was a simple out-of-offi_345e61")): Object: 'Object Repository/Page_The Story and Evolution of Doodles - G_6e786d/p_The first Doodle was a simple out-of-offi_345e61' is clicked on

07-06-2024T13:37:24 - [MESSAGE][PASSED] - Object: 'Object Repository/Page_The Story and Evolution of Doodles - G_6e786d/p_The first Doodle was a simple out-of-offi_345e61' is clicked on

07-06-2024T13:37:24 - [TEST_STEP][PASSED] - verifyElementVisible(findTestObject("Object Repository/Page_The Story and Evolution of Doodles - G_6e786d/h1_The story behind Doodles")): Object 'Object Repository/Page_The Story and Evolution of Doodles - G_6e786d/h1_The story behind Doodles' is visible

07-06-2024T13:37:24 - [MESSAGE][PASSED] - Object 'Object Repository/Page_The Story and Evolution of Doodles - G_6e786d/h1_The story behind Doodles' is visible

07-06-2024T13:37:24 - [TEST_STEP][PASSED] - verifyElementVisible(findTestObject("Object Repository/Page_The Story and Evolution of Doodles - G_6e786d/p_The first Doodle was a simple out-of-offi_345e61")): Object 'Object Repository/Page_The Story and Evolution of Doodles - G_6e786d/p_The first Doodle was a simple out-of-offi_345e61' is visible

07-06-2024T13:37:24 - [MESSAGE][PASSED] - Object 'Object Repository/Page_The Story and Evolution of Doodles - G_6e786d/p_The first Doodle was a simple out-of-offi_345e61' is visible

07-06-2024T13:37:24 - [TEST_STEP][PASSED] - verifyElementVisible(findTestObject("Object Repository/Page_The Story and Evolution of Doodles - G_6e786d/h2_Weve created more than 5,000 Doodles ove_111429")): Object 'Object Repository/Page_The Story and Evolution of Doodles - G_6e786d/h2_Weve created more than 5,000 Doodles ove_111429' is visible

07-06-2024T13:37:24 - [MESSAGE][PASSED] - Object 'Object Repository/Page_The Story and Evolution of Doodles - G_6e786d/h2_Weve created more than 5,000 Doodles ove_111429' is visible

07-06-2024T13:37:24 - [TEST_STEP][PASSED] - click(findTestObject("Object Repository/Page_The Story and Evolution of Doodles - G_6e786d/p_The first Doodle was a simple out-of-offi_345e61")): Object: 'Object Repository/Page_The Story and Evolution of Doodles - G_6e786d/p_The first Doodle was a simple out-of-offi_345e61' is clicked on

07-06-2024T13:37:24 - [MESSAGE][PASSED] - Object: 'Object Repository/Page_The Story and Evolution of Doodles - G_6e786d/p_The first Doodle was a simple out-of-offi_345e61' is clicked on

07-06-2024T13:37:24 - [TEST_STEP][PASSED] - verifyElementVisible(findTestObject("Object Repository/Page_The Story and Evolution of Doodles - G_6e786d/h1_The story behind Doodles")): Object 'Object Repository/Page_The Story and Evolution of Doodles - G_6e786d/h1_The story behind Doodles' is visible

07-06-2024T13:37:24 - [MESSAGE][PASSED] - Object 'Object Repository/Page_The Story and Evolution of Doodles - G_6e786d/h1_The story behind Doodles' is visible

07-06-2024T13:37:24 - [TEST_STEP][PASSED] - verifyElementVisible(findTestObject("Object Repository/Page_The Story and Evolution of Doodles - G_6e786d/p_The first Doodle was a simple out-of-offi_345e61")): Object 'Object Repository/Page_The Story and Evolution of Doodles - G_6e786d/p_The first Doodle was a simple out-of-offi_345e61' is visible

07-06-2024T13:37:24 - [MESSAGE][PASSED] - Object 'Object Repository/Page_The Story and Evolution of Doodles - G_6e786d/p_The first Doodle was a simple out-of-offi_345e61' is visible

07-06-2024T13:37:24 - [TEST_STEP][PASSED] - verifyElementVisible(findTestObject("Object Repository/Page_The Story and Evolution of Doodles - G_6e786d/h2_Weve created more than 5,000 Doodles ove_111429")): Object 'Object Repository/Page_The Story and Evolution of Doodles - G_6e786d/h2_Weve created more than 5,000 Doodles ove_111429' is visible

07-06-2024T13:37:24 - [MESSAGE][PASSED] - Object 'Object Repository/Page_The Story and Evolution of Doodles - G_6e786d/h2_Weve created more than 5,000 Doodles ove_111429' is visible

07-06-2024T13:37:24 - [TEST_STEP][PASSED] - click(findTestObject("Object Repository/Page_The Story and Evolution of Doodles - G_6e786d/p_The first Doodle was a simple out-of-offi_345e61")): Object: 'Object Repository/Page_The Story and Evolution of Doodles - G_6e786d/p_The first Doodle was a simple out-of-offi_345e61' is clicked on

07-06-2024T13:37:24 - [MESSAGE][PASSED] - Object: 'Object Repository/Page_The Story and Evolution of Doodles - G_6e786d/p_The first Doodle was a simple out-of-offi_345e61' is clicked on

07-06-2024T13:37:24 - [TEST_STEP][PASSED] - verifyElementVisible(findTestObject("Object Repository/Page_The Story and Evolution of Doodles - G_6e786d/h1_The story behind Doodles")): Object 'Object Repository/Page_The Story and Evolution of Doodles - G_6e786d/h1_The story behind Doodles' is visible

07-06-2024T13:37:25 - [MESSAGE][PASSED] - Object 'Object Repository/Page_The Story and Evolution of Doodles - G_6e786d/h1_The story behind Doodles' is visible

07-06-2024T13:37:25 - [TEST_STEP][PASSED] - verifyElementVisible(findTestObject("Object Repository/Page_The Story and Evolution of Doodles - G_6e786d/p_The first Doodle was a simple out-of-offi_345e61")): Object 'Object Repository/Page_The Story and Evolution of Doodles - G_6e786d/p_The first Doodle was a simple out-of-offi_345e61' is visible

07-06-2024T13:37:25 - [MESSAGE][PASSED] - Object 'Object Repository/Page_The Story and Evolution of Doodles - G_6e786d/p_The first Doodle was a simple out-of-offi_345e61' is visible

07-06-2024T13:37:25 - [TEST_STEP][PASSED] - verifyElementVisible(findTestObject("Object Repository/Page_The Story and Evolution of Doodles - G_6e786d/h2_Weve created more than 5,000 Doodles ove_111429")): Object 'Object Repository/Page_The Story and Evolution of Doodles - G_6e786d/h2_Weve created more than 5,000 Doodles ove_111429' is visible

07-06-2024T13:37:25 - [MESSAGE][PASSED] - Object 'Object Repository/Page_The Story and Evolution of Doodles - G_6e786d/h2_Weve created more than 5,000 Doodles ove_111429' is visible

07-06-2024T13:37:25 - [TEST_STEP][PASSED] - click(findTestObject("Object Repository/Page_The Story and Evolution of Doodles - G_6e786d/p_The first Doodle was a simple out-of-offi_345e61")): Object: 'Object Repository/Page_The Story and Evolution of Doodles - G_6e786d/p_The first Doodle was a simple out-of-offi_345e61' is clicked on

07-06-2024T13:37:25 - [MESSAGE][PASSED] - Object: 'Object Repository/Page_The Story and Evolution of Doodles - G_6e786d/p_The first Doodle was a simple out-of-offi_345e61' is clicked on

07-06-2024T13:37:25 - [TEST_STEP][PASSED] - verifyElementVisible(findTestObject("Object Repository/Page_The Story and Evolution of Doodles - G_6e786d/h1_The story behind Doodles")): Object 'Object Repository/Page_The Story and Evolution of Doodles - G_6e786d/h1_The story behind Doodles' is visible

07-06-2024T13:37:25 - [MESSAGE][PASSED] - Object 'Object Repository/Page_The Story and Evolution of Doodles - G_6e786d/h1_The story behind Doodles' is visible

07-06-2024T13:37:25 - [TEST_STEP][PASSED] - verifyElementVisible(findTestObject("Object Repository/Page_The Story and Evolution of Doodles - G_6e786d/p_The first Doodle was a simple out-of-offi_345e61")): Object 'Object Repository/Page_The Story and Evolution of Doodles - G_6e786d/p_The first Doodle was a simple out-of-offi_345e61' is visible

07-06-2024T13:37:25 - [MESSAGE][PASSED] - Object 'Object Repository/Page_The Story and Evolution of Doodles - G_6e786d/p_The first Doodle was a simple out-of-offi_345e61' is visible

07-06-2024T13:37:25 - [TEST_STEP][PASSED] - verifyElementVisible(findTestObject("Object Repository/Page_The Story and Evolution of Doodles - G_6e786d/h2_Weve created more than 5,000 Doodles ove_111429")): Object 'Object Repository/Page_The Story and Evolution of Doodles - G_6e786d/h2_Weve created more than 5,000 Doodles ove_111429' is visible

07-06-2024T13:37:25 - [MESSAGE][PASSED] - Object 'Object Repository/Page_The Story and Evolution of Doodles - G_6e786d/h2_Weve created more than 5,000 Doodles ove_111429' is visible

07-06-2024T13:37:25 - [TEST_STEP][PASSED] - click(findTestObject("Object Repository/Page_The Story and Evolution of Doodles - G_6e786d/p_The first Doodle was a simple out-of-offi_345e61")): Object: 'Object Repository/Page_The Story and Evolution of Doodles - G_6e786d/p_The first Doodle was a simple out-of-offi_345e61' is clicked on

07-06-2024T13:37:25 - [MESSAGE][PASSED] - Object: 'Object Repository/Page_The Story and Evolution of Doodles - G_6e786d/p_The first Doodle was a simple out-of-offi_345e61' is clicked on

07-06-2024T13:37:25 - [TEST_STEP][PASSED] - verifyElementVisible(findTestObject("Object Repository/Page_The Story and Evolution of Doodles - G_6e786d/h1_The story behind Doodles")): Object 'Object Repository/Page_The Story and Evolution of Doodles - G_6e786d/h1_The story behind Doodles' is visible

07-06-2024T13:37:25 - [MESSAGE][PASSED] - Object 'Object Repository/Page_The Story and Evolution of Doodles - G_6e786d/h1_The story behind Doodles' is visible

07-06-2024T13:37:25 - [TEST_STEP][PASSED] - verifyElementVisible(findTestObject("Object Repository/Page_The Story and Evolution of Doodles - G_6e786d/p_The first Doodle was a simple out-of-offi_345e61")): Object 'Object Repository/Page_The Story and Evolution of Doodles - G_6e786d/p_The first Doodle was a simple out-of-offi_345e61' is visible

07-06-2024T13:37:25 - [MESSAGE][PASSED] - Object 'Object Repository/Page_The Story and Evolution of Doodles - G_6e786d/p_The first Doodle was a simple out-of-offi_345e61' is visible

07-06-2024T13:37:25 - [TEST_STEP][PASSED] - verifyElementVisible(findTestObject("Object Repository/Page_The Story and Evolution of Doodles - G_6e786d/h2_Weve created more than 5,000 Doodles ove_111429")): Object 'Object Repository/Page_The Story and Evolution of Doodles - G_6e786d/h2_Weve created more than 5,000 Doodles ove_111429' is visible

07-06-2024T13:37:26 - [MESSAGE][PASSED] - Object 'Object Repository/Page_The Story and Evolution of Doodles - G_6e786d/h2_Weve created more than 5,000 Doodles ove_111429' is visible

07-06-2024T13:37:26 - [TEST_STEP][PASSED] - click(findTestObject("Object Repository/Page_The Story and Evolution of Doodles - G_6e786d/p_The first Doodle was a simple out-of-offi_345e61")): Object: 'Object Repository/Page_The Story and Evolution of Doodles - G_6e786d/p_The first Doodle was a simple out-of-offi_345e61' is clicked on

07-06-2024T13:37:26 - [MESSAGE][PASSED] - Object: 'Object Repository/Page_The Story and Evolution of Doodles - G_6e786d/p_The first Doodle was a simple out-of-offi_345e61' is clicked on

07-06-2024T13:37:26 - [TEST_STEP][PASSED] - verifyElementVisible(findTestObject("Object Repository/Page_The Story and Evolution of Doodles - G_6e786d/h1_The story behind Doodles")): Object 'Object Repository/Page_The Story and Evolution of Doodles - G_6e786d/h1_The story behind Doodles' is visible

07-06-2024T13:37:26 - [MESSAGE][PASSED] - Object 'Object Repository/Page_The Story and Evolution of Doodles - G_6e786d/h1_The story behind Doodles' is visible

07-06-2024T13:37:26 - [TEST_STEP][PASSED] - verifyElementVisible(findTestObject("Object Repository/Page_The Story and Evolution of Doodles - G_6e786d/p_The first Doodle was a simple out-of-offi_345e61")): Object 'Object Repository/Page_The Story and Evolution of Doodles - G_6e786d/p_The first Doodle was a simple out-of-offi_345e61' is visible

07-06-2024T13:37:26 - [MESSAGE][PASSED] - Object 'Object Repository/Page_The Story and Evolution of Doodles - G_6e786d/p_The first Doodle was a simple out-of-offi_345e61' is visible

07-06-2024T13:37:26 - [TEST_STEP][PASSED] - verifyElementVisible(findTestObject("Object Repository/Page_The Story and Evolution of Doodles - G_6e786d/h2_Weve created more than 5,000 Doodles ove_111429")): Object 'Object Repository/Page_The Story and Evolution of Doodles - G_6e786d/h2_Weve created more than 5,000 Doodles ove_111429' is visible

07-06-2024T13:37:26 - [MESSAGE][PASSED] - Object 'Object Repository/Page_The Story and Evolution of Doodles - G_6e786d/h2_Weve created more than 5,000 Doodles ove_111429' is visible

07-06-2024T13:37:26 - [TEST_STEP][PASSED] - click(findTestObject("Object Repository/Page_The Story and Evolution of Doodles - G_6e786d/p_The first Doodle was a simple out-of-offi_345e61")): Object: 'Object Repository/Page_The Story and Evolution of Doodles - G_6e786d/p_The first Doodle was a simple out-of-offi_345e61' is clicked on

07-06-2024T13:37:26 - [MESSAGE][PASSED] - Object: 'Object Repository/Page_The Story and Evolution of Doodles - G_6e786d/p_The first Doodle was a simple out-of-offi_345e61' is clicked on

07-06-2024T13:37:26 - [TEST_STEP][PASSED] - verifyElementVisible(findTestObject("Object Repository/Page_The Story and Evolution of Doodles - G_6e786d/h1_The story behind Doodles")): Object 'Object Repository/Page_The Story and Evolution of Doodles - G_6e786d/h1_The story behind Doodles' is visible

07-06-2024T13:37:26 - [MESSAGE][PASSED] - Object 'Object Repository/Page_The Story and Evolution of Doodles - G_6e786d/h1_The story behind Doodles' is visible

07-06-2024T13:37:26 - [TEST_STEP][PASSED] - verifyElementVisible(findTestObject("Object Repository/Page_The Story and Evolution of Doodles - G_6e786d/p_The first Doodle was a simple out-of-offi_345e61")): Object 'Object Repository/Page_The Story and Evolution of Doodles - G_6e786d/p_The first Doodle was a simple out-of-offi_345e61' is visible

07-06-2024T13:37:26 - [MESSAGE][PASSED] - Object 'Object Repository/Page_The Story and Evolution of Doodles - G_6e786d/p_The first Doodle was a simple out-of-offi_345e61' is visible

07-06-2024T13:37:26 - [TEST_STEP][PASSED] - verifyElementVisible(findTestObject("Object Repository/Page_The Story and Evolution of Doodles - G_6e786d/h2_Weve created more than 5,000 Doodles ove_111429")): Object 'Object Repository/Page_The Story and Evolution of Doodles - G_6e786d/h2_Weve created more than 5,000 Doodles ove_111429' is visible

07-06-2024T13:37:26 - [MESSAGE][PASSED] - Object 'Object Repository/Page_The Story and Evolution of Doodles - G_6e786d/h2_Weve created more than 5,000 Doodles ove_111429' is visible

07-06-2024T13:37:26 - [TEST_STEP][PASSED] - click(findTestObject("Object Repository/Page_The Story and Evolution of Doodles - G_6e786d/p_The first Doodle was a simple out-of-offi_345e61")): Object: 'Object Repository/Page_The Story and Evolution of Doodles - G_6e786d/p_The first Doodle was a simple out-of-offi_345e61' is clicked on

07-06-2024T13:37:27 - [MESSAGE][PASSED] - Object: 'Object Repository/Page_The Story and Evolution of Doodles - G_6e786d/p_The first Doodle was a simple out-of-offi_345e61' is clicked on

07-06-2024T13:37:27 - [TEST_STEP][PASSED] - verifyElementVisible(findTestObject("Object Repository/Page_The Story and Evolution of Doodles - G_6e786d/h1_The story behind Doodles")): Object 'Object Repository/Page_The Story and Evolution of Doodles - G_6e786d/h1_The story behind Doodles' is visible

07-06-2024T13:37:27 - [MESSAGE][PASSED] - Object 'Object Repository/Page_The Story and Evolution of Doodles - G_6e786d/h1_The story behind Doodles' is visible

07-06-2024T13:37:27 - [TEST_STEP][PASSED] - verifyElementVisible(findTestObject("Object Repository/Page_The Story and Evolution of Doodles - G_6e786d/p_The first Doodle was a simple out-of-offi_345e61")): Object 'Object Repository/Page_The Story and Evolution of Doodles - G_6e786d/p_The first Doodle was a simple out-of-offi_345e61' is visible

07-06-2024T13:37:27 - [MESSAGE][PASSED] - Object 'Object Repository/Page_The Story and Evolution of Doodles - G_6e786d/p_The first Doodle was a simple out-of-offi_345e61' is visible

07-06-2024T13:37:27 - [TEST_STEP][PASSED] - verifyElementVisible(findTestObject("Object Repository/Page_The Story and Evolution of Doodles - G_6e786d/h2_Weve created more than 5,000 Doodles ove_111429")): Object 'Object Repository/Page_The Story and Evolution of Doodles - G_6e786d/h2_Weve created more than 5,000 Doodles ove_111429' is visible

07-06-2024T13:37:27 - [MESSAGE][PASSED] - Object 'Object Repository/Page_The Story and Evolution of Doodles - G_6e786d/h2_Weve created more than 5,000 Doodles ove_111429' is visible

07-06-2024T13:37:27 - [TEST_STEP][PASSED] - click(findTestObject("Object Repository/Page_The Story and Evolution of Doodles - G_6e786d/p_The first Doodle was a simple out-of-offi_345e61")): Object: 'Object Repository/Page_The Story and Evolution of Doodles - G_6e786d/p_The first Doodle was a simple out-of-offi_345e61' is clicked on

07-06-2024T13:37:27 - [MESSAGE][PASSED] - Object: 'Object Repository/Page_The Story and Evolution of Doodles - G_6e786d/p_The first Doodle was a simple out-of-offi_345e61' is clicked on

07-06-2024T13:37:27 - [TEST_STEP][PASSED] - verifyElementVisible(findTestObject("Object Repository/Page_The Story and Evolution of Doodles - G_6e786d/h1_The story behind Doodles")): Object 'Object Repository/Page_The Story and Evolution of Doodles - G_6e786d/h1_The story behind Doodles' is visible

07-06-2024T13:37:27 - [MESSAGE][PASSED] - Object 'Object Repository/Page_The Story and Evolution of Doodles - G_6e786d/h1_The story behind Doodles' is visible

07-06-2024T13:37:27 - [TEST_STEP][PASSED] - verifyElementVisible(findTestObject("Object Repository/Page_The Story and Evolution of Doodles - G_6e786d/p_The first Doodle was a simple out-of-offi_345e61")): Object 'Object Repository/Page_The Story and Evolution of Doodles - G_6e786d/p_The first Doodle was a simple out-of-offi_345e61' is visible

07-06-2024T13:37:27 - [MESSAGE][PASSED] - Object 'Object Repository/Page_The Story and Evolution of Doodles - G_6e786d/p_The first Doodle was a simple out-of-offi_345e61' is visible

07-06-2024T13:37:27 - [TEST_STEP][PASSED] - verifyElementVisible(findTestObject("Object Repository/Page_The Story and Evolution of Doodles - G_6e786d/h2_Weve created more than 5,000 Doodles ove_111429")): Object 'Object Repository/Page_The Story and Evolution of Doodles - G_6e786d/h2_Weve created more than 5,000 Doodles ove_111429' is visible

07-06-2024T13:37:27 - [MESSAGE][PASSED] - Object 'Object Repository/Page_The Story and Evolution of Doodles - G_6e786d/h2_Weve created more than 5,000 Doodles ove_111429' is visible]]></system-out>
         <system-err><![CDATA[]]></system-err>
      </testcase>
      <testcase name="Test Cases/tc1 - Copy (3)" time="24.333" classname="Test Cases/tc1 - Copy (3)" status="PASSED">
         <system-out><![CDATA[07-06-2024T13:37:27 - [TEST_CASE][PASSED] - Test Cases/tc1 - Copy (3): Test Cases/tc1 - Copy (3)

07-06-2024T13:37:27 - [TEST_STEP][PASSED] - openBrowser(""): Browser is opened with url: ''

07-06-2024T13:37:27 - [MESSAGE][WARNING] - A browser is already opened. Closing browser and opening a new one

07-06-2024T13:37:28 - [MESSAGE][INFO] - Starting 'Firefox (headless)' driver

07-06-2024T13:37:29 - [MESSAGE][INFO] - Action delay is set to 0 milliseconds

07-06-2024T13:37:31 - [MESSAGE][PASSED] - Browser is opened with url: ''

07-06-2024T13:37:31 - [TEST_STEP][PASSED] - navigateToUrl("https://doodles.google/about/"): Navigate to 'https://doodles.google/about/' successfully

07-06-2024T13:37:47 - [MESSAGE][PASSED] - Navigate to 'https://doodles.google/about/' successfully

07-06-2024T13:37:47 - [TEST_STEP][PASSED] - click(findTestObject("Object Repository/Page_The Story and Evolution of Doodles - G_6e786d/p_The first Doodle was a simple out-of-offi_345e61")): Object: 'Object Repository/Page_The Story and Evolution of Doodles - G_6e786d/p_The first Doodle was a simple out-of-offi_345e61' is clicked on

07-06-2024T13:37:47 - [MESSAGE][PASSED] - Object: 'Object Repository/Page_The Story and Evolution of Doodles - G_6e786d/p_The first Doodle was a simple out-of-offi_345e61' is clicked on

07-06-2024T13:37:47 - [TEST_STEP][PASSED] - click(findTestObject("Object Repository/Page_The Story and Evolution of Doodles - G_6e786d/p_The first Doodle was a simple out-of-offi_345e61")): Object: 'Object Repository/Page_The Story and Evolution of Doodles - G_6e786d/p_The first Doodle was a simple out-of-offi_345e61' is clicked on

07-06-2024T13:37:47 - [MESSAGE][PASSED] - Object: 'Object Repository/Page_The Story and Evolution of Doodles - G_6e786d/p_The first Doodle was a simple out-of-offi_345e61' is clicked on

07-06-2024T13:37:47 - [TEST_STEP][PASSED] - verifyElementVisible(findTestObject("Object Repository/Page_The Story and Evolution of Doodles - G_6e786d/h1_The story behind Doodles")): Object 'Object Repository/Page_The Story and Evolution of Doodles - G_6e786d/h1_The story behind Doodles' is visible

07-06-2024T13:37:48 - [MESSAGE][PASSED] - Object 'Object Repository/Page_The Story and Evolution of Doodles - G_6e786d/h1_The story behind Doodles' is visible

07-06-2024T13:37:48 - [TEST_STEP][PASSED] - verifyElementVisible(findTestObject("Object Repository/Page_The Story and Evolution of Doodles - G_6e786d/p_The first Doodle was a simple out-of-offi_345e61")): Object 'Object Repository/Page_The Story and Evolution of Doodles - G_6e786d/p_The first Doodle was a simple out-of-offi_345e61' is visible

07-06-2024T13:37:48 - [MESSAGE][PASSED] - Object 'Object Repository/Page_The Story and Evolution of Doodles - G_6e786d/p_The first Doodle was a simple out-of-offi_345e61' is visible

07-06-2024T13:37:48 - [TEST_STEP][PASSED] - verifyElementVisible(findTestObject("Object Repository/Page_The Story and Evolution of Doodles - G_6e786d/h2_Weve created more than 5,000 Doodles ove_111429")): Object 'Object Repository/Page_The Story and Evolution of Doodles - G_6e786d/h2_Weve created more than 5,000 Doodles ove_111429' is visible

07-06-2024T13:37:48 - [MESSAGE][PASSED] - Object 'Object Repository/Page_The Story and Evolution of Doodles - G_6e786d/h2_Weve created more than 5,000 Doodles ove_111429' is visible

07-06-2024T13:37:48 - [TEST_STEP][PASSED] - verifyElementVisible(findTestObject("Object Repository/Page_The Story and Evolution of Doodles - G_6e786d/h1_The story behind Doodles")): Object 'Object Repository/Page_The Story and Evolution of Doodles - G_6e786d/h1_The story behind Doodles' is visible

07-06-2024T13:37:48 - [MESSAGE][PASSED] - Object 'Object Repository/Page_The Story and Evolution of Doodles - G_6e786d/h1_The story behind Doodles' is visible

07-06-2024T13:37:48 - [TEST_STEP][PASSED] - verifyElementVisible(findTestObject("Object Repository/Page_The Story and Evolution of Doodles - G_6e786d/p_The first Doodle was a simple out-of-offi_345e61")): Object 'Object Repository/Page_The Story and Evolution of Doodles - G_6e786d/p_The first Doodle was a simple out-of-offi_345e61' is visible

07-06-2024T13:37:48 - [MESSAGE][PASSED] - Object 'Object Repository/Page_The Story and Evolution of Doodles - G_6e786d/p_The first Doodle was a simple out-of-offi_345e61' is visible

07-06-2024T13:37:48 - [TEST_STEP][PASSED] - verifyElementVisible(findTestObject("Object Repository/Page_The Story and Evolution of Doodles - G_6e786d/h2_Weve created more than 5,000 Doodles ove_111429")): Object 'Object Repository/Page_The Story and Evolution of Doodles - G_6e786d/h2_Weve created more than 5,000 Doodles ove_111429' is visible

07-06-2024T13:37:48 - [MESSAGE][PASSED] - Object 'Object Repository/Page_The Story and Evolution of Doodles - G_6e786d/h2_Weve created more than 5,000 Doodles ove_111429' is visible

07-06-2024T13:37:48 - [TEST_STEP][PASSED] - click(findTestObject("Object Repository/Page_The Story and Evolution of Doodles - G_6e786d/p_The first Doodle was a simple out-of-offi_345e61")): Object: 'Object Repository/Page_The Story and Evolution of Doodles - G_6e786d/p_The first Doodle was a simple out-of-offi_345e61' is clicked on

07-06-2024T13:37:48 - [MESSAGE][PASSED] - Object: 'Object Repository/Page_The Story and Evolution of Doodles - G_6e786d/p_The first Doodle was a simple out-of-offi_345e61' is clicked on

07-06-2024T13:37:48 - [TEST_STEP][PASSED] - verifyElementVisible(findTestObject("Object Repository/Page_The Story and Evolution of Doodles - G_6e786d/h1_The story behind Doodles")): Object 'Object Repository/Page_The Story and Evolution of Doodles - G_6e786d/h1_The story behind Doodles' is visible

07-06-2024T13:37:48 - [MESSAGE][PASSED] - Object 'Object Repository/Page_The Story and Evolution of Doodles - G_6e786d/h1_The story behind Doodles' is visible

07-06-2024T13:37:48 - [TEST_STEP][PASSED] - verifyElementVisible(findTestObject("Object Repository/Page_The Story and Evolution of Doodles - G_6e786d/p_The first Doodle was a simple out-of-offi_345e61")): Object 'Object Repository/Page_The Story and Evolution of Doodles - G_6e786d/p_The first Doodle was a simple out-of-offi_345e61' is visible

07-06-2024T13:37:48 - [MESSAGE][PASSED] - Object 'Object Repository/Page_The Story and Evolution of Doodles - G_6e786d/p_The first Doodle was a simple out-of-offi_345e61' is visible

07-06-2024T13:37:48 - [TEST_STEP][PASSED] - verifyElementVisible(findTestObject("Object Repository/Page_The Story and Evolution of Doodles - G_6e786d/h2_Weve created more than 5,000 Doodles ove_111429")): Object 'Object Repository/Page_The Story and Evolution of Doodles - G_6e786d/h2_Weve created more than 5,000 Doodles ove_111429' is visible

07-06-2024T13:37:48 - [MESSAGE][PASSED] - Object 'Object Repository/Page_The Story and Evolution of Doodles - G_6e786d/h2_Weve created more than 5,000 Doodles ove_111429' is visible

07-06-2024T13:37:48 - [TEST_STEP][PASSED] - click(findTestObject("Object Repository/Page_The Story and Evolution of Doodles - G_6e786d/p_The first Doodle was a simple out-of-offi_345e61")): Object: 'Object Repository/Page_The Story and Evolution of Doodles - G_6e786d/p_The first Doodle was a simple out-of-offi_345e61' is clicked on

07-06-2024T13:37:48 - [MESSAGE][PASSED] - Object: 'Object Repository/Page_The Story and Evolution of Doodles - G_6e786d/p_The first Doodle was a simple out-of-offi_345e61' is clicked on

07-06-2024T13:37:48 - [TEST_STEP][PASSED] - verifyElementVisible(findTestObject("Object Repository/Page_The Story and Evolution of Doodles - G_6e786d/h1_The story behind Doodles")): Object 'Object Repository/Page_The Story and Evolution of Doodles - G_6e786d/h1_The story behind Doodles' is visible

07-06-2024T13:37:49 - [MESSAGE][PASSED] - Object 'Object Repository/Page_The Story and Evolution of Doodles - G_6e786d/h1_The story behind Doodles' is visible

07-06-2024T13:37:49 - [TEST_STEP][PASSED] - verifyElementVisible(findTestObject("Object Repository/Page_The Story and Evolution of Doodles - G_6e786d/p_The first Doodle was a simple out-of-offi_345e61")): Object 'Object Repository/Page_The Story and Evolution of Doodles - G_6e786d/p_The first Doodle was a simple out-of-offi_345e61' is visible

07-06-2024T13:37:49 - [MESSAGE][PASSED] - Object 'Object Repository/Page_The Story and Evolution of Doodles - G_6e786d/p_The first Doodle was a simple out-of-offi_345e61' is visible

07-06-2024T13:37:49 - [TEST_STEP][PASSED] - verifyElementVisible(findTestObject("Object Repository/Page_The Story and Evolution of Doodles - G_6e786d/h2_Weve created more than 5,000 Doodles ove_111429")): Object 'Object Repository/Page_The Story and Evolution of Doodles - G_6e786d/h2_Weve created more than 5,000 Doodles ove_111429' is visible

07-06-2024T13:37:49 - [MESSAGE][PASSED] - Object 'Object Repository/Page_The Story and Evolution of Doodles - G_6e786d/h2_Weve created more than 5,000 Doodles ove_111429' is visible

07-06-2024T13:37:49 - [TEST_STEP][PASSED] - click(findTestObject("Object Repository/Page_The Story and Evolution of Doodles - G_6e786d/p_The first Doodle was a simple out-of-offi_345e61")): Object: 'Object Repository/Page_The Story and Evolution of Doodles - G_6e786d/p_The first Doodle was a simple out-of-offi_345e61' is clicked on

07-06-2024T13:37:49 - [MESSAGE][PASSED] - Object: 'Object Repository/Page_The Story and Evolution of Doodles - G_6e786d/p_The first Doodle was a simple out-of-offi_345e61' is clicked on

07-06-2024T13:37:49 - [TEST_STEP][PASSED] - verifyElementVisible(findTestObject("Object Repository/Page_The Story and Evolution of Doodles - G_6e786d/h1_The story behind Doodles")): Object 'Object Repository/Page_The Story and Evolution of Doodles - G_6e786d/h1_The story behind Doodles' is visible

07-06-2024T13:37:49 - [MESSAGE][PASSED] - Object 'Object Repository/Page_The Story and Evolution of Doodles - G_6e786d/h1_The story behind Doodles' is visible

07-06-2024T13:37:49 - [TEST_STEP][PASSED] - verifyElementVisible(findTestObject("Object Repository/Page_The Story and Evolution of Doodles - G_6e786d/p_The first Doodle was a simple out-of-offi_345e61")): Object 'Object Repository/Page_The Story and Evolution of Doodles - G_6e786d/p_The first Doodle was a simple out-of-offi_345e61' is visible

07-06-2024T13:37:49 - [MESSAGE][PASSED] - Object 'Object Repository/Page_The Story and Evolution of Doodles - G_6e786d/p_The first Doodle was a simple out-of-offi_345e61' is visible

07-06-2024T13:37:49 - [TEST_STEP][PASSED] - verifyElementVisible(findTestObject("Object Repository/Page_The Story and Evolution of Doodles - G_6e786d/h2_Weve created more than 5,000 Doodles ove_111429")): Object 'Object Repository/Page_The Story and Evolution of Doodles - G_6e786d/h2_Weve created more than 5,000 Doodles ove_111429' is visible

07-06-2024T13:37:49 - [MESSAGE][PASSED] - Object 'Object Repository/Page_The Story and Evolution of Doodles - G_6e786d/h2_Weve created more than 5,000 Doodles ove_111429' is visible

07-06-2024T13:37:49 - [TEST_STEP][PASSED] - click(findTestObject("Object Repository/Page_The Story and Evolution of Doodles - G_6e786d/p_The first Doodle was a simple out-of-offi_345e61")): Object: 'Object Repository/Page_The Story and Evolution of Doodles - G_6e786d/p_The first Doodle was a simple out-of-offi_345e61' is clicked on

07-06-2024T13:37:49 - [MESSAGE][PASSED] - Object: 'Object Repository/Page_The Story and Evolution of Doodles - G_6e786d/p_The first Doodle was a simple out-of-offi_345e61' is clicked on

07-06-2024T13:37:49 - [TEST_STEP][PASSED] - verifyElementVisible(findTestObject("Object Repository/Page_The Story and Evolution of Doodles - G_6e786d/h1_The story behind Doodles")): Object 'Object Repository/Page_The Story and Evolution of Doodles - G_6e786d/h1_The story behind Doodles' is visible

07-06-2024T13:37:49 - [MESSAGE][PASSED] - Object 'Object Repository/Page_The Story and Evolution of Doodles - G_6e786d/h1_The story behind Doodles' is visible

07-06-2024T13:37:49 - [TEST_STEP][PASSED] - verifyElementVisible(findTestObject("Object Repository/Page_The Story and Evolution of Doodles - G_6e786d/p_The first Doodle was a simple out-of-offi_345e61")): Object 'Object Repository/Page_The Story and Evolution of Doodles - G_6e786d/p_The first Doodle was a simple out-of-offi_345e61' is visible

07-06-2024T13:37:50 - [MESSAGE][PASSED] - Object 'Object Repository/Page_The Story and Evolution of Doodles - G_6e786d/p_The first Doodle was a simple out-of-offi_345e61' is visible

07-06-2024T13:37:50 - [TEST_STEP][PASSED] - verifyElementVisible(findTestObject("Object Repository/Page_The Story and Evolution of Doodles - G_6e786d/h2_Weve created more than 5,000 Doodles ove_111429")): Object 'Object Repository/Page_The Story and Evolution of Doodles - G_6e786d/h2_Weve created more than 5,000 Doodles ove_111429' is visible

07-06-2024T13:37:50 - [MESSAGE][PASSED] - Object 'Object Repository/Page_The Story and Evolution of Doodles - G_6e786d/h2_Weve created more than 5,000 Doodles ove_111429' is visible

07-06-2024T13:37:50 - [TEST_STEP][PASSED] - click(findTestObject("Object Repository/Page_The Story and Evolution of Doodles - G_6e786d/p_The first Doodle was a simple out-of-offi_345e61")): Object: 'Object Repository/Page_The Story and Evolution of Doodles - G_6e786d/p_The first Doodle was a simple out-of-offi_345e61' is clicked on

07-06-2024T13:37:50 - [MESSAGE][PASSED] - Object: 'Object Repository/Page_The Story and Evolution of Doodles - G_6e786d/p_The first Doodle was a simple out-of-offi_345e61' is clicked on

07-06-2024T13:37:50 - [TEST_STEP][PASSED] - verifyElementVisible(findTestObject("Object Repository/Page_The Story and Evolution of Doodles - G_6e786d/h1_The story behind Doodles")): Object 'Object Repository/Page_The Story and Evolution of Doodles - G_6e786d/h1_The story behind Doodles' is visible

07-06-2024T13:37:50 - [MESSAGE][PASSED] - Object 'Object Repository/Page_The Story and Evolution of Doodles - G_6e786d/h1_The story behind Doodles' is visible

07-06-2024T13:37:50 - [TEST_STEP][PASSED] - verifyElementVisible(findTestObject("Object Repository/Page_The Story and Evolution of Doodles - G_6e786d/p_The first Doodle was a simple out-of-offi_345e61")): Object 'Object Repository/Page_The Story and Evolution of Doodles - G_6e786d/p_The first Doodle was a simple out-of-offi_345e61' is visible

07-06-2024T13:37:50 - [MESSAGE][PASSED] - Object 'Object Repository/Page_The Story and Evolution of Doodles - G_6e786d/p_The first Doodle was a simple out-of-offi_345e61' is visible

07-06-2024T13:37:50 - [TEST_STEP][PASSED] - verifyElementVisible(findTestObject("Object Repository/Page_The Story and Evolution of Doodles - G_6e786d/h2_Weve created more than 5,000 Doodles ove_111429")): Object 'Object Repository/Page_The Story and Evolution of Doodles - G_6e786d/h2_Weve created more than 5,000 Doodles ove_111429' is visible

07-06-2024T13:37:50 - [MESSAGE][PASSED] - Object 'Object Repository/Page_The Story and Evolution of Doodles - G_6e786d/h2_Weve created more than 5,000 Doodles ove_111429' is visible

07-06-2024T13:37:50 - [TEST_STEP][PASSED] - click(findTestObject("Object Repository/Page_The Story and Evolution of Doodles - G_6e786d/p_The first Doodle was a simple out-of-offi_345e61")): Object: 'Object Repository/Page_The Story and Evolution of Doodles - G_6e786d/p_The first Doodle was a simple out-of-offi_345e61' is clicked on

07-06-2024T13:37:50 - [MESSAGE][PASSED] - Object: 'Object Repository/Page_The Story and Evolution of Doodles - G_6e786d/p_The first Doodle was a simple out-of-offi_345e61' is clicked on

07-06-2024T13:37:50 - [TEST_STEP][PASSED] - verifyElementVisible(findTestObject("Object Repository/Page_The Story and Evolution of Doodles - G_6e786d/h1_The story behind Doodles")): Object 'Object Repository/Page_The Story and Evolution of Doodles - G_6e786d/h1_The story behind Doodles' is visible

07-06-2024T13:37:50 - [MESSAGE][PASSED] - Object 'Object Repository/Page_The Story and Evolution of Doodles - G_6e786d/h1_The story behind Doodles' is visible

07-06-2024T13:37:50 - [TEST_STEP][PASSED] - verifyElementVisible(findTestObject("Object Repository/Page_The Story and Evolution of Doodles - G_6e786d/p_The first Doodle was a simple out-of-offi_345e61")): Object 'Object Repository/Page_The Story and Evolution of Doodles - G_6e786d/p_The first Doodle was a simple out-of-offi_345e61' is visible

07-06-2024T13:37:50 - [MESSAGE][PASSED] - Object 'Object Repository/Page_The Story and Evolution of Doodles - G_6e786d/p_The first Doodle was a simple out-of-offi_345e61' is visible

07-06-2024T13:37:50 - [TEST_STEP][PASSED] - verifyElementVisible(findTestObject("Object Repository/Page_The Story and Evolution of Doodles - G_6e786d/h2_Weve created more than 5,000 Doodles ove_111429")): Object 'Object Repository/Page_The Story and Evolution of Doodles - G_6e786d/h2_Weve created more than 5,000 Doodles ove_111429' is visible

07-06-2024T13:37:50 - [MESSAGE][PASSED] - Object 'Object Repository/Page_The Story and Evolution of Doodles - G_6e786d/h2_Weve created more than 5,000 Doodles ove_111429' is visible

07-06-2024T13:37:50 - [TEST_STEP][PASSED] - click(findTestObject("Object Repository/Page_The Story and Evolution of Doodles - G_6e786d/p_The first Doodle was a simple out-of-offi_345e61")): Object: 'Object Repository/Page_The Story and Evolution of Doodles - G_6e786d/p_The first Doodle was a simple out-of-offi_345e61' is clicked on

07-06-2024T13:37:51 - [MESSAGE][PASSED] - Object: 'Object Repository/Page_The Story and Evolution of Doodles - G_6e786d/p_The first Doodle was a simple out-of-offi_345e61' is clicked on

07-06-2024T13:37:51 - [TEST_STEP][PASSED] - verifyElementVisible(findTestObject("Object Repository/Page_The Story and Evolution of Doodles - G_6e786d/h1_The story behind Doodles")): Object 'Object Repository/Page_The Story and Evolution of Doodles - G_6e786d/h1_The story behind Doodles' is visible

07-06-2024T13:37:51 - [MESSAGE][PASSED] - Object 'Object Repository/Page_The Story and Evolution of Doodles - G_6e786d/h1_The story behind Doodles' is visible

07-06-2024T13:37:51 - [TEST_STEP][PASSED] - verifyElementVisible(findTestObject("Object Repository/Page_The Story and Evolution of Doodles - G_6e786d/p_The first Doodle was a simple out-of-offi_345e61")): Object 'Object Repository/Page_The Story and Evolution of Doodles - G_6e786d/p_The first Doodle was a simple out-of-offi_345e61' is visible

07-06-2024T13:37:51 - [MESSAGE][PASSED] - Object 'Object Repository/Page_The Story and Evolution of Doodles - G_6e786d/p_The first Doodle was a simple out-of-offi_345e61' is visible

07-06-2024T13:37:51 - [TEST_STEP][PASSED] - verifyElementVisible(findTestObject("Object Repository/Page_The Story and Evolution of Doodles - G_6e786d/h2_Weve created more than 5,000 Doodles ove_111429")): Object 'Object Repository/Page_The Story and Evolution of Doodles - G_6e786d/h2_Weve created more than 5,000 Doodles ove_111429' is visible

07-06-2024T13:37:51 - [MESSAGE][PASSED] - Object 'Object Repository/Page_The Story and Evolution of Doodles - G_6e786d/h2_Weve created more than 5,000 Doodles ove_111429' is visible

07-06-2024T13:37:51 - [TEST_STEP][PASSED] - click(findTestObject("Object Repository/Page_The Story and Evolution of Doodles - G_6e786d/p_The first Doodle was a simple out-of-offi_345e61")): Object: 'Object Repository/Page_The Story and Evolution of Doodles - G_6e786d/p_The first Doodle was a simple out-of-offi_345e61' is clicked on

07-06-2024T13:37:51 - [MESSAGE][PASSED] - Object: 'Object Repository/Page_The Story and Evolution of Doodles - G_6e786d/p_The first Doodle was a simple out-of-offi_345e61' is clicked on

07-06-2024T13:37:51 - [TEST_STEP][PASSED] - verifyElementVisible(findTestObject("Object Repository/Page_The Story and Evolution of Doodles - G_6e786d/h1_The story behind Doodles")): Object 'Object Repository/Page_The Story and Evolution of Doodles - G_6e786d/h1_The story behind Doodles' is visible

07-06-2024T13:37:51 - [MESSAGE][PASSED] - Object 'Object Repository/Page_The Story and Evolution of Doodles - G_6e786d/h1_The story behind Doodles' is visible

07-06-2024T13:37:51 - [TEST_STEP][PASSED] - verifyElementVisible(findTestObject("Object Repository/Page_The Story and Evolution of Doodles - G_6e786d/p_The first Doodle was a simple out-of-offi_345e61")): Object 'Object Repository/Page_The Story and Evolution of Doodles - G_6e786d/p_The first Doodle was a simple out-of-offi_345e61' is visible

07-06-2024T13:37:51 - [MESSAGE][PASSED] - Object 'Object Repository/Page_The Story and Evolution of Doodles - G_6e786d/p_The first Doodle was a simple out-of-offi_345e61' is visible

07-06-2024T13:37:51 - [TEST_STEP][PASSED] - verifyElementVisible(findTestObject("Object Repository/Page_The Story and Evolution of Doodles - G_6e786d/h2_Weve created more than 5,000 Doodles ove_111429")): Object 'Object Repository/Page_The Story and Evolution of Doodles - G_6e786d/h2_Weve created more than 5,000 Doodles ove_111429' is visible

07-06-2024T13:37:51 - [MESSAGE][PASSED] - Object 'Object Repository/Page_The Story and Evolution of Doodles - G_6e786d/h2_Weve created more than 5,000 Doodles ove_111429' is visible

07-06-2024T13:37:51 - [TEST_STEP][PASSED] - click(findTestObject("Object Repository/Page_The Story and Evolution of Doodles - G_6e786d/p_The first Doodle was a simple out-of-offi_345e61")): Object: 'Object Repository/Page_The Story and Evolution of Doodles - G_6e786d/p_The first Doodle was a simple out-of-offi_345e61' is clicked on

07-06-2024T13:37:52 - [MESSAGE][PASSED] - Object: 'Object Repository/Page_The Story and Evolution of Doodles - G_6e786d/p_The first Doodle was a simple out-of-offi_345e61' is clicked on

07-06-2024T13:37:52 - [TEST_STEP][PASSED] - verifyElementVisible(findTestObject("Object Repository/Page_The Story and Evolution of Doodles - G_6e786d/h1_The story behind Doodles")): Object 'Object Repository/Page_The Story and Evolution of Doodles - G_6e786d/h1_The story behind Doodles' is visible

07-06-2024T13:37:52 - [MESSAGE][PASSED] - Object 'Object Repository/Page_The Story and Evolution of Doodles - G_6e786d/h1_The story behind Doodles' is visible

07-06-2024T13:37:52 - [TEST_STEP][PASSED] - verifyElementVisible(findTestObject("Object Repository/Page_The Story and Evolution of Doodles - G_6e786d/p_The first Doodle was a simple out-of-offi_345e61")): Object 'Object Repository/Page_The Story and Evolution of Doodles - G_6e786d/p_The first Doodle was a simple out-of-offi_345e61' is visible

07-06-2024T13:37:52 - [MESSAGE][PASSED] - Object 'Object Repository/Page_The Story and Evolution of Doodles - G_6e786d/p_The first Doodle was a simple out-of-offi_345e61' is visible

07-06-2024T13:37:52 - [TEST_STEP][PASSED] - verifyElementVisible(findTestObject("Object Repository/Page_The Story and Evolution of Doodles - G_6e786d/h2_Weve created more than 5,000 Doodles ove_111429")): Object 'Object Repository/Page_The Story and Evolution of Doodles - G_6e786d/h2_Weve created more than 5,000 Doodles ove_111429' is visible

07-06-2024T13:37:52 - [MESSAGE][PASSED] - Object 'Object Repository/Page_The Story and Evolution of Doodles - G_6e786d/h2_Weve created more than 5,000 Doodles ove_111429' is visible]]></system-out>
         <system-err><![CDATA[]]></system-err>
      </testcase>
      <testcase name="Test Cases/tc1 - Copy (4)" time="9.614" classname="Test Cases/tc1 - Copy (4)" status="PASSED">
         <system-out><![CDATA[07-06-2024T13:37:52 - [TEST_CASE][PASSED] - Test Cases/tc1 - Copy (4): Test Cases/tc1 - Copy (4)

07-06-2024T13:37:52 - [TEST_STEP][PASSED] - openBrowser(""): Browser is opened with url: ''

07-06-2024T13:37:52 - [MESSAGE][WARNING] - A browser is already opened. Closing browser and opening a new one

07-06-2024T13:37:53 - [MESSAGE][INFO] - Starting 'Firefox (headless)' driver

07-06-2024T13:37:53 - [MESSAGE][INFO] - Action delay is set to 0 milliseconds

07-06-2024T13:37:55 - [MESSAGE][PASSED] - Browser is opened with url: ''

07-06-2024T13:37:55 - [TEST_STEP][PASSED] - navigateToUrl("https://doodles.google/about/"): Navigate to 'https://doodles.google/about/' successfully

07-06-2024T13:37:57 - [MESSAGE][PASSED] - Navigate to 'https://doodles.google/about/' successfully

07-06-2024T13:37:57 - [TEST_STEP][PASSED] - click(findTestObject("Object Repository/Page_The Story and Evolution of Doodles - G_6e786d/p_The first Doodle was a simple out-of-offi_345e61")): Object: 'Object Repository/Page_The Story and Evolution of Doodles - G_6e786d/p_The first Doodle was a simple out-of-offi_345e61' is clicked on

07-06-2024T13:37:57 - [MESSAGE][PASSED] - Object: 'Object Repository/Page_The Story and Evolution of Doodles - G_6e786d/p_The first Doodle was a simple out-of-offi_345e61' is clicked on

07-06-2024T13:37:57 - [TEST_STEP][PASSED] - click(findTestObject("Object Repository/Page_The Story and Evolution of Doodles - G_6e786d/p_The first Doodle was a simple out-of-offi_345e61")): Object: 'Object Repository/Page_The Story and Evolution of Doodles - G_6e786d/p_The first Doodle was a simple out-of-offi_345e61' is clicked on

07-06-2024T13:37:57 - [MESSAGE][PASSED] - Object: 'Object Repository/Page_The Story and Evolution of Doodles - G_6e786d/p_The first Doodle was a simple out-of-offi_345e61' is clicked on

07-06-2024T13:37:57 - [TEST_STEP][PASSED] - verifyElementVisible(findTestObject("Object Repository/Page_The Story and Evolution of Doodles - G_6e786d/h1_The story behind Doodles")): Object 'Object Repository/Page_The Story and Evolution of Doodles - G_6e786d/h1_The story behind Doodles' is visible

07-06-2024T13:37:57 - [MESSAGE][PASSED] - Object 'Object Repository/Page_The Story and Evolution of Doodles - G_6e786d/h1_The story behind Doodles' is visible

07-06-2024T13:37:57 - [TEST_STEP][PASSED] - verifyElementVisible(findTestObject("Object Repository/Page_The Story and Evolution of Doodles - G_6e786d/p_The first Doodle was a simple out-of-offi_345e61")): Object 'Object Repository/Page_The Story and Evolution of Doodles - G_6e786d/p_The first Doodle was a simple out-of-offi_345e61' is visible

07-06-2024T13:37:57 - [MESSAGE][PASSED] - Object 'Object Repository/Page_The Story and Evolution of Doodles - G_6e786d/p_The first Doodle was a simple out-of-offi_345e61' is visible

07-06-2024T13:37:57 - [TEST_STEP][PASSED] - verifyElementVisible(findTestObject("Object Repository/Page_The Story and Evolution of Doodles - G_6e786d/h2_Weve created more than 5,000 Doodles ove_111429")): Object 'Object Repository/Page_The Story and Evolution of Doodles - G_6e786d/h2_Weve created more than 5,000 Doodles ove_111429' is visible

07-06-2024T13:37:57 - [MESSAGE][PASSED] - Object 'Object Repository/Page_The Story and Evolution of Doodles - G_6e786d/h2_Weve created more than 5,000 Doodles ove_111429' is visible

07-06-2024T13:37:57 - [TEST_STEP][PASSED] - verifyElementVisible(findTestObject("Object Repository/Page_The Story and Evolution of Doodles - G_6e786d/h1_The story behind Doodles")): Object 'Object Repository/Page_The Story and Evolution of Doodles - G_6e786d/h1_The story behind Doodles' is visible

07-06-2024T13:37:57 - [MESSAGE][PASSED] - Object 'Object Repository/Page_The Story and Evolution of Doodles - G_6e786d/h1_The story behind Doodles' is visible

07-06-2024T13:37:57 - [TEST_STEP][PASSED] - verifyElementVisible(findTestObject("Object Repository/Page_The Story and Evolution of Doodles - G_6e786d/p_The first Doodle was a simple out-of-offi_345e61")): Object 'Object Repository/Page_The Story and Evolution of Doodles - G_6e786d/p_The first Doodle was a simple out-of-offi_345e61' is visible

07-06-2024T13:37:57 - [MESSAGE][PASSED] - Object 'Object Repository/Page_The Story and Evolution of Doodles - G_6e786d/p_The first Doodle was a simple out-of-offi_345e61' is visible

07-06-2024T13:37:57 - [TEST_STEP][PASSED] - verifyElementVisible(findTestObject("Object Repository/Page_The Story and Evolution of Doodles - G_6e786d/h2_Weve created more than 5,000 Doodles ove_111429")): Object 'Object Repository/Page_The Story and Evolution of Doodles - G_6e786d/h2_Weve created more than 5,000 Doodles ove_111429' is visible

07-06-2024T13:37:57 - [MESSAGE][PASSED] - Object 'Object Repository/Page_The Story and Evolution of Doodles - G_6e786d/h2_Weve created more than 5,000 Doodles ove_111429' is visible

07-06-2024T13:37:57 - [TEST_STEP][PASSED] - click(findTestObject("Object Repository/Page_The Story and Evolution of Doodles - G_6e786d/p_The first Doodle was a simple out-of-offi_345e61")): Object: 'Object Repository/Page_The Story and Evolution of Doodles - G_6e786d/p_The first Doodle was a simple out-of-offi_345e61' is clicked on

07-06-2024T13:37:58 - [MESSAGE][PASSED] - Object: 'Object Repository/Page_The Story and Evolution of Doodles - G_6e786d/p_The first Doodle was a simple out-of-offi_345e61' is clicked on

07-06-2024T13:37:58 - [TEST_STEP][PASSED] - verifyElementVisible(findTestObject("Object Repository/Page_The Story and Evolution of Doodles - G_6e786d/h1_The story behind Doodles")): Object 'Object Repository/Page_The Story and Evolution of Doodles - G_6e786d/h1_The story behind Doodles' is visible

07-06-2024T13:37:58 - [MESSAGE][PASSED] - Object 'Object Repository/Page_The Story and Evolution of Doodles - G_6e786d/h1_The story behind Doodles' is visible

07-06-2024T13:37:58 - [TEST_STEP][PASSED] - verifyElementVisible(findTestObject("Object Repository/Page_The Story and Evolution of Doodles - G_6e786d/p_The first Doodle was a simple out-of-offi_345e61")): Object 'Object Repository/Page_The Story and Evolution of Doodles - G_6e786d/p_The first Doodle was a simple out-of-offi_345e61' is visible

07-06-2024T13:37:58 - [MESSAGE][PASSED] - Object 'Object Repository/Page_The Story and Evolution of Doodles - G_6e786d/p_The first Doodle was a simple out-of-offi_345e61' is visible

07-06-2024T13:37:58 - [TEST_STEP][PASSED] - verifyElementVisible(findTestObject("Object Repository/Page_The Story and Evolution of Doodles - G_6e786d/h2_Weve created more than 5,000 Doodles ove_111429")): Object 'Object Repository/Page_The Story and Evolution of Doodles - G_6e786d/h2_Weve created more than 5,000 Doodles ove_111429' is visible

07-06-2024T13:37:58 - [MESSAGE][PASSED] - Object 'Object Repository/Page_The Story and Evolution of Doodles - G_6e786d/h2_Weve created more than 5,000 Doodles ove_111429' is visible

07-06-2024T13:37:58 - [TEST_STEP][PASSED] - click(findTestObject("Object Repository/Page_The Story and Evolution of Doodles - G_6e786d/p_The first Doodle was a simple out-of-offi_345e61")): Object: 'Object Repository/Page_The Story and Evolution of Doodles - G_6e786d/p_The first Doodle was a simple out-of-offi_345e61' is clicked on

[...]

07-06-2024T13:38:26 - [TEST_STEP][PASSED] - verifyElementVisible(findTestObject("Object Repository/Page_The Story and Evolution of Doodles - G_6e786d/p_The first Doodle was a simple out-of-offi_345e61")): Object 'Object Repository/Page_The Story and Evolution of Doodles - G_6e786d/p_The first Doodle was a simple out-of-offi_345e61' is visible

07-06-2024T13:38:26 - [MESSAGE][PASSED] - Object 'Object Repository/Page_The Story and Evolution of Doodles - G_6e786d/p_The first Doodle was a simple out-of-offi_345e61' is visible

07-06-2024T13:38:26 - [TEST_STEP][PASSED] - verifyElementVisible(findTestObject("Object Repository/Page_The Story and Evolution of Doodles - G_6e786d/h2_Weve created more than 5,000 Doodles ove_111429")): Object 'Object Repository/Page_The Story and Evolution of Doodles - G_6e786d/h2_Weve created more than 5,000 Doodles ove_111429' is visible

07-06-2024T13:38:26 - [MESSAGE][PASSED] - Object 'Object Repository/Page_The Story and Evolution of Doodles - G_6e786d/h2_Weve created more than 5,000 Doodles ove_111429' is visible

07-06-2024T13:38:26 - [TEST_STEP][PASSED] - click(findTestObject("Object Repository/Page_The Story and Evolution of Doodles - G_6e786d/p_The first Doodle was a simple out-of-offi_345e61")): Object: 'Object Repository/Page_The Story and Evolution of Doodles - G_6e786d/p_The first Doodle was a simple out-of-offi_345e61' is clicked on

07-06-2024T13:38:26 - [MESSAGE][PASSED] - Object: 'Object Repository/Page_The Story and Evolution of Doodles - G_6e786d/p_The first Doodle was a simple out-of-offi_345e61' is clicked on

07-06-2024T13:38:26 - [TEST_STEP][PASSED] - verifyElementVisible(findTestObject("Object Repository/Page_The Story and Evolution of Doodles - G_6e786d/h1_The story behind Doodles")): Object 'Object Repository/Page_The Story and Evolution of Doodles - G_6e786d/h1_The story behind Doodles' is visible

07-06-2024T13:38:26 - [MESSAGE][PASSED] - Object 'Object Repository/Page_The Story and Evolution of Doodles - G_6e786d/h1_The story behind Doodles' is visible

07-06-2024T13:38:26 - [TEST_STEP][PASSED] - verifyElementVisible(findTestObject("Object Repository/Page_The Story and Evolution of Doodles - G_6e786d/p_The first Doodle was a simple out-of-offi_345e61")): Object 'Object Repository/Page_The Story and Evolution of Doodles - G_6e786d/p_The first Doodle was a simple out-of-offi_345e61' is visible

07-06-2024T13:38:26 - [MESSAGE][PASSED] - Object 'Object Repository/Page_The Story and Evolution of Doodles - G_6e786d/p_The first Doodle was a simple out-of-offi_345e61' is visible

07-06-2024T13:38:26 - [TEST_STEP][PASSED] - verifyElementVisible(findTestObject("Object Repository/Page_The Story and Evolution of Doodles - G_6e786d/h2_Weve created more than 5,000 Doodles ove_111429")): Object 'Object Repository/Page_The Story and Evolution of Doodles - G_6e786d/h2_Weve created more than 5,000 Doodles ove_111429' is visible

07-06-2024T13:38:26 - [MESSAGE][PASSED] - Object 'Object Repository/Page_The Story and Evolution of Doodles - G_6e786d/h2_Weve created more than 5,000 Doodles ove_111429' is visible

07-06-2024T13:38:26 - [TEST_STEP][PASSED] - click(findTestObject("Object Repository/Page_The Story and Evolution of Doodles - G_6e786d/p_The first Doodle was a simple out-of-offi_345e61")): Object: 'Object Repository/Page_The Story and Evolution of Doodles - G_6e786d/p_The first Doodle was a simple out-of-offi_345e61' is clicked on

07-06-2024T13:38:27 - [MESSAGE][PASSED] - Object: 'Object Repository/Page_The Story and Evolution of Doodles - G_6e786d/p_The first Doodle was a simple out-of-offi_345e61' is clicked on

07-06-2024T13:38:27 - [TEST_STEP][PASSED] - verifyElementVisible(findTestObject("Object Repository/Page_The Story and Evolution of Doodles - G_6e786d/h1_The story behind Doodles")): Object 'Object Repository/Page_The Story and Evolution of Doodles - G_6e786d/h1_The story behind Doodles' is visible

07-06-2024T13:38:27 - [MESSAGE][PASSED] - Object 'Object Repository/Page_The Story and Evolution of Doodles - G_6e786d/h1_The story behind Doodles' is visible

07-06-2024T13:38:27 - [TEST_STEP][PASSED] - verifyElementVisible(findTestObject("Object Repository/Page_The Story and Evolution of Doodles - G_6e786d/p_The first Doodle was a simple out-of-offi_345e61")): Object 'Object Repository/Page_The Story and Evolution of Doodles - G_6e786d/p_The first Doodle was a simple out-of-offi_345e61' is visible

07-06-2024T13:38:27 - [MESSAGE][PASSED] - Object 'Object Repository/Page_The Story and Evolution of Doodles - G_6e786d/p_The first Doodle was a simple out-of-offi_345e61' is visible

07-06-2024T13:38:27 - [TEST_STEP][PASSED] - verifyElementVisible(findTestObject("Object Repository/Page_The Story and Evolution of Doodles - G_6e786d/h2_Weve created more than 5,000 Doodles ove_111429")): Object 'Object Repository/Page_The Story and Evolution of Doodles - G_6e786d/h2_Weve created more than 5,000 Doodles ove_111429' is visible

07-06-2024T13:38:27 - [MESSAGE][PASSED] - Object 'Object Repository/Page_The Story and Evolution of Doodles - G_6e786d/h2_Weve created more than 5,000 Doodles ove_111429' is visible

07-06-2024T13:38:27 - [TEST_STEP][PASSED] - click(findTestObject("Object Repository/Page_The Story and Evolution of Doodles - G_6e786d/p_The first Doodle was a simple out-of-offi_345e61")): Object: 'Object Repository/Page_The Story and Evolution of Doodles - G_6e786d/p_The first Doodle was a simple out-of-offi_345e61' is clicked on

07-06-2024T13:38:27 - [MESSAGE][PASSED] - Object: 'Object Repository/Page_The Story and Evolution of Doodles - G_6e786d/p_The first Doodle was a simple out-of-offi_345e61' is clicked on

07-06-2024T13:38:27 - [TEST_STEP][PASSED] - verifyElementVisible(findTestObject("Object Repository/Page_The Story and Evolution of Doodles - G_6e786d/h1_The story behind Doodles")): Object 'Object Repository/Page_The Story and Evolution of Doodles - G_6e786d/h1_The story behind Doodles' is visible

07-06-2024T13:38:27 - [MESSAGE][PASSED] - Object 'Object Repository/Page_The Story and Evolution of Doodles - G_6e786d/h1_The story behind Doodles' is visible

07-06-2024T13:38:27 - [TEST_STEP][PASSED] - verifyElementVisible(findTestObject("Object Repository/Page_The Story and Evolution of Doodles - G_6e786d/p_The first Doodle was a simple out-of-offi_345e61")): Object 'Object Repository/Page_The Story and Evolution of Doodles - G_6e786d/p_The first Doodle was a simple out-of-offi_345e61' is visible

07-06-2024T13:38:27 - [MESSAGE][PASSED] - Object 'Object Repository/Page_The Story and Evolution of Doodles - G_6e786d/p_The first Doodle was a simple out-of-offi_345e61' is visible

07-06-2024T13:38:27 - [TEST_STEP][PASSED] - verifyElementVisible(findTestObject("Object Repository/Page_The Story and Evolution of Doodles - G_6e786d/h2_Weve created more than 5,000 Doodles ove_111429")): Object 'Object Repository/Page_The Story and Evolution of Doodles - G_6e786d/h2_Weve created more than 5,000 Doodles ove_111429' is visible

07-06-2024T13:38:27 - [MESSAGE][PASSED] - Object 'Object Repository/Page_The Story and Evolution of Doodles - G_6e786d/h2_Weve created more than 5,000 Doodles ove_111429' is visible

07-06-2024T13:38:27 - [TEST_STEP][PASSED] - click(findTestObject("Object Repository/Page_The Story and Evolution of Doodles - G_6e786d/p_The first Doodle was a simple out-of-offi_345e61")): Object: 'Object Repository/Page_The Story and Evolution of Doodles - G_6e786d/p_The first Doodle was a simple out-of-offi_345e61' is clicked on

07-06-2024T13:38:27 - [MESSAGE][PASSED] - Object: 'Object Repository/Page_The Story and Evolution of Doodles - G_6e786d/p_The first Doodle was a simple out-of-offi_345e61' is clicked on

07-06-2024T13:38:27 - [TEST_STEP][PASSED] - verifyElementVisible(findTestObject("Object Repository/Page_The Story and Evolution of Doodles - G_6e786d/h1_The story behind Doodles")): Object 'Object Repository/Page_The Story and Evolution of Doodles - G_6e786d/h1_The story behind Doodles' is visible

07-06-2024T13:38:27 - [MESSAGE][PASSED] - Object 'Object Repository/Page_The Story and Evolution of Doodles - G_6e786d/h1_The story behind Doodles' is visible

07-06-2024T13:38:27 - [TEST_STEP][PASSED] - verifyElementVisible(findTestObject("Object Repository/Page_The Story and Evolution of Doodles - G_6e786d/p_The first Doodle was a simple out-of-offi_345e61")): Object 'Object Repository/Page_The Story and Evolution of Doodles - G_6e786d/p_The first Doodle was a simple out-of-offi_345e61' is visible

07-06-2024T13:38:27 - [MESSAGE][PASSED] - Object 'Object Repository/Page_The Story and Evolution of Doodles - G_6e786d/p_The first Doodle was a simple out-of-offi_345e61' is visible

07-06-2024T13:38:27 - [TEST_STEP][PASSED] - verifyElementVisible(findTestObject("Object Repository/Page_The Story and Evolution of Doodles - G_6e786d/h2_Weve created more than 5,000 Doodles ove_111429")): Object 'Object Repository/Page_The Story and Evolution of Doodles - G_6e786d/h2_Weve created more than 5,000 Doodles ove_111429' is visible

07-06-2024T13:38:27 - [MESSAGE][PASSED] - Object 'Object Repository/Page_The Story and Evolution of Doodles - G_6e786d/h2_Weve created more than 5,000 Doodles ove_111429' is visible

07-06-2024T13:38:27 - [TEST_STEP][PASSED] - click(findTestObject("Object Repository/Page_The Story and Evolution of Doodles - G_6e786d/p_The first Doodle was a simple out-of-offi_345e61")): Object: 'Object Repository/Page_The Story and Evolution of Doodles - G_6e786d/p_The first Doodle was a simple out-of-offi_345e61' is clicked on

07-06-2024T13:38:28 - [MESSAGE][PASSED] - Object: 'Object Repository/Page_The Story and Evolution of Doodles - G_6e786d/p_The first Doodle was a simple out-of-offi_345e61' is clicked on

07-06-2024T13:38:28 - [TEST_STEP][PASSED] - verifyElementVisible(findTestObject("Object Repository/Page_The Story and Evolution of Doodles - G_6e786d/h1_The story behind Doodles")): Object 'Object Repository/Page_The Story and Evolution of Doodles - G_6e786d/h1_The story behind Doodles' is visible

07-06-2024T13:38:28 - [MESSAGE][PASSED] - Object 'Object Repository/Page_The Story and Evolution of Doodles - G_6e786d/h1_The story behind Doodles' is visible

07-06-2024T13:38:28 - [TEST_STEP][PASSED] - verifyElementVisible(findTestObject("Object Repository/Page_The Story and Evolution of Doodles - G_6e786d/p_The first Doodle was a simple out-of-offi_345e61")): Object 'Object Repository/Page_The Story and Evolution of Doodles - G_6e786d/p_The first Doodle was a simple out-of-offi_345e61' is visible

07-06-2024T13:38:28 - [MESSAGE][PASSED] - Object 'Object Repository/Page_The Story and Evolution of Doodles - G_6e786d/p_The first Doodle was a simple out-of-offi_345e61' is visible

07-06-2024T13:38:28 - [TEST_STEP][PASSED] - verifyElementVisible(findTestObject("Object Repository/Page_The Story and Evolution of Doodles - G_6e786d/h2_Weve created more than 5,000 Doodles ove_111429")): Object 'Object Repository/Page_The Story and Evolution of Doodles - G_6e786d/h2_Weve created more than 5,000 Doodles ove_111429' is visible

07-06-2024T13:38:28 - [MESSAGE][PASSED] - Object 'Object Repository/Page_The Story and Evolution of Doodles - G_6e786d/h2_Weve created more than 5,000 Doodles ove_111429' is visible

07-06-2024T13:38:28 - [TEST_STEP][PASSED] - click(findTestObject("Object Repository/Page_The Story and Evolution of Doodles - G_6e786d/p_The first Doodle was a simple out-of-offi_345e61")): Object: 'Object Repository/Page_The Story and Evolution of Doodles - G_6e786d/p_The first Doodle was a simple out-of-offi_345e61' is clicked on

07-06-2024T13:38:28 - [MESSAGE][PASSED] - Object: 'Object Repository/Page_The Story and Evolution of Doodles - G_6e786d/p_The first Doodle was a simple out-of-offi_345e61' is clicked on

07-06-2024T13:38:28 - [TEST_STEP][PASSED] - verifyElementVisible(findTestObject("Object Repository/Page_The Story and Evolution of Doodles - G_6e786d/h1_The story behind Doodles")): Object 'Object Repository/Page_The Story and Evolution of Doodles - G_6e786d/h1_The story behind Doodles' is visible

07-06-2024T13:38:28 - [MESSAGE][PASSED] - Object 'Object Repository/Page_The Story and Evolution of Doodles - G_6e786d/h1_The story behind Doodles' is visible

07-06-2024T13:38:28 - [TEST_STEP][PASSED] - verifyElementVisible(findTestObject("Object Repository/Page_The Story and Evolution of Doodles - G_6e786d/p_The first Doodle was a simple out-of-offi_345e61")): Object 'Object Repository/Page_The Story and Evolution of Doodles - G_6e786d/p_The first Doodle was a simple out-of-offi_345e61' is visible

07-06-2024T13:38:28 - [MESSAGE][PASSED] - Object 'Object Repository/Page_The Story and Evolution of Doodles - G_6e786d/p_The first Doodle was a simple out-of-offi_345e61' is visible

07-06-2024T13:38:28 - [TEST_STEP][PASSED] - verifyElementVisible(findTestObject("Object Repository/Page_The Story and Evolution of Doodles - G_6e786d/h2_Weve created more than 5,000 Doodles ove_111429")): Object 'Object Repository/Page_The Story and Evolution of Doodles - G_6e786d/h2_Weve created more than 5,000 Doodles ove_111429' is visible

07-06-2024T13:38:29 - [MESSAGE][PASSED] - Object 'Object Repository/Page_The Story and Evolution of Doodles - G_6e786d/h2_Weve created more than 5,000 Doodles ove_111429' is visible

07-06-2024T13:38:29 - [TEST_STEP][PASSED] - click(findTestObject("Object Repository/Page_The Story and Evolution of Doodles - G_6e786d/p_The first Doodle was a simple out-of-offi_345e61")): Object: 'Object Repository/Page_The Story and Evolution of Doodles - G_6e786d/p_The first Doodle was a simple out-of-offi_345e61' is clicked on

07-06-2024T13:38:29 - [MESSAGE][PASSED] - Object: 'Object Repository/Page_The Story and Evolution of Doodles - G_6e786d/p_The first Doodle was a simple out-of-offi_345e61' is clicked on

07-06-2024T13:38:29 - [TEST_STEP][PASSED] - verifyElementVisible(findTestObject("Object Repository/Page_The Story and Evolution of Doodles - G_6e786d/h1_The story behind Doodles")): Object 'Object Repository/Page_The Story and Evolution of Doodles - G_6e786d/h1_The story behind Doodles' is visible

07-06-2024T13:38:29 - [MESSAGE][PASSED] - Object 'Object Repository/Page_The Story and Evolution of Doodles - G_6e786d/h1_The story behind Doodles' is visible

07-06-2024T13:38:29 - [TEST_STEP][PASSED] - verifyElementVisible(findTestObject("Object Repository/Page_The Story and Evolution of Doodles - G_6e786d/p_The first Doodle was a simple out-of-offi_345e61")): Object 'Object Repository/Page_The Story and Evolution of Doodles - G_6e786d/p_The first Doodle was a simple out-of-offi_345e61' is visible

07-06-2024T13:38:29 - [MESSAGE][PASSED] - Object 'Object Repository/Page_The Story and Evolution of Doodles - G_6e786d/p_The first Doodle was a simple out-of-offi_345e61' is visible

07-06-2024T13:38:29 - [TEST_STEP][PASSED] - verifyElementVisible(findTestObject("Object Repository/Page_The Story and Evolution of Doodles - G_6e786d/h2_Weve created more than 5,000 Doodles ove_111429")): Object 'Object Repository/Page_The Story and Evolution of Doodles - G_6e786d/h2_Weve created more than 5,000 Doodles ove_111429' is visible

07-06-2024T13:38:29 - [MESSAGE][PASSED] - Object 'Object Repository/Page_The Story and Evolution of Doodles - G_6e786d/h2_Weve created more than 5,000 Doodles ove_111429' is visible

07-06-2024T13:38:29 - [TEST_STEP][PASSED] - click(findTestObject("Object Repository/Page_The Story and Evolution of Doodles - G_6e786d/p_The first Doodle was a simple out-of-offi_345e61")): Object: 'Object Repository/Page_The Story and Evolution of Doodles - G_6e786d/p_The first Doodle was a simple out-of-offi_345e61' is clicked on

07-06-2024T13:38:29 - [MESSAGE][PASSED] - Object: 'Object Repository/Page_The Story and Evolution of Doodles - G_6e786d/p_The first Doodle was a simple out-of-offi_345e61' is clicked on

07-06-2024T13:38:29 - [TEST_STEP][PASSED] - verifyElementVisible(findTestObject("Object Repository/Page_The Story and Evolution of Doodles - G_6e786d/h1_The story behind Doodles")): Object 'Object Repository/Page_The Story and Evolution of Doodles - G_6e786d/h1_The story behind Doodles' is visible

07-06-2024T13:38:29 - [MESSAGE][PASSED] - Object 'Object Repository/Page_The Story and Evolution of Doodles - G_6e786d/h1_The story behind Doodles' is visible

07-06-2024T13:38:29 - [TEST_STEP][PASSED] - verifyElementVisible(findTestObject("Object Repository/Page_The Story and Evolution of Doodles - G_6e786d/p_The first Doodle was a simple out-of-offi_345e61")): Object 'Object Repository/Page_The Story and Evolution of Doodles - G_6e786d/p_The first Doodle was a simple out-of-offi_345e61' is visible

07-06-2024T13:38:29 - [MESSAGE][PASSED] - Object 'Object Repository/Page_The Story and Evolution of Doodles - G_6e786d/p_The first Doodle was a simple out-of-offi_345e61' is visible

07-06-2024T13:38:29 - [TEST_STEP][PASSED] - verifyElementVisible(findTestObject("Object Repository/Page_The Story and Evolution of Doodles - G_6e786d/h2_Weve created more than 5,000 Doodles ove_111429")): Object 'Object Repository/Page_The Story and Evolution of Doodles - G_6e786d/h2_Weve created more than 5,000 Doodles ove_111429' is visible

07-06-2024T13:38:29 - [MESSAGE][PASSED] - Object 'Object Repository/Page_The Story and Evolution of Doodles - G_6e786d/h2_Weve created more than 5,000 Doodles ove_111429' is visible

07-06-2024T13:38:29 - [TEST_STEP][PASSED] - click(findTestObject("Object Repository/Page_The Story and Evolution of Doodles - G_6e786d/p_The first Doodle was a simple out-of-offi_345e61")): Object: 'Object Repository/Page_The Story and Evolution of Doodles - G_6e786d/p_The first Doodle was a simple out-of-offi_345e61' is clicked on

07-06-2024T13:38:30 - [MESSAGE][PASSED] - Object: 'Object Repository/Page_The Story and Evolution of Doodles - G_6e786d/p_The first Doodle was a simple out-of-offi_345e61' is clicked on

07-06-2024T13:38:30 - [TEST_STEP][PASSED] - verifyElementVisible(findTestObject("Object Repository/Page_The Story and Evolution of Doodles - G_6e786d/h1_The story behind Doodles")): Object 'Object Repository/Page_The Story and Evolution of Doodles - G_6e786d/h1_The story behind Doodles' is visible

07-06-2024T13:38:30 - [MESSAGE][PASSED] - Object 'Object Repository/Page_The Story and Evolution of Doodles - G_6e786d/h1_The story behind Doodles' is visible

07-06-2024T13:38:30 - [TEST_STEP][PASSED] - verifyElementVisible(findTestObject("Object Repository/Page_The Story and Evolution of Doodles - G_6e786d/p_The first Doodle was a simple out-of-offi_345e61")): Object 'Object Repository/Page_The Story and Evolution of Doodles - G_6e786d/p_The first Doodle was a simple out-of-offi_345e61' is visible

07-06-2024T13:38:30 - [MESSAGE][PASSED] - Object 'Object Repository/Page_The Story and Evolution of Doodles - G_6e786d/p_The first Doodle was a simple out-of-offi_345e61' is visible

07-06-2024T13:38:30 - [TEST_STEP][PASSED] - verifyElementVisible(findTestObject("Object Repository/Page_The Story and Evolution of Doodles - G_6e786d/h2_Weve created more than 5,000 Doodles ove_111429")): Object 'Object Repository/Page_The Story and Evolution of Doodles - G_6e786d/h2_Weve created more than 5,000 Doodles ove_111429' is visible

07-06-2024T13:38:30 - [MESSAGE][PASSED] - Object 'Object Repository/Page_The Story and Evolution of Doodles - G_6e786d/h2_Weve created more than 5,000 Doodles ove_111429' is visible]]></system-out>
         <system-err><![CDATA[]]></system-err>
      </testcase>
      <system-out><![CDATA[07-06-2024T13:37:05 - [TEST_SUITE][INCOMPLETE] - New Test Suite: null]]></system-out>
      <system-err><![CDATA[07-06-2024T13:37:05 - [TEST_SUITE][INCOMPLETE] - New Test Suite: null]]></system-err>
   </testsuite>
</testsuites>
