<?xml version="1.0" encoding="UTF-8"?>
<testsuites name="New Test Suite (3)" time="86.27" tests="1" failures="0" errors="0">
   <testsuite name="New Test Suite (3)" tests="1" failures="0" errors="0" time="86.27" skipped="0" timestamp="23-06-2024T20:56:28" hostname="SonTung - LAPTOP-FS2TU90B" id="Test Suites/New Test Suite (3)">
      <properties>
[...]
</properties>
      <testcase name="Test Cases/google 3" time="85.991" classname="Test Cases/google 3" status="PASSED">
         <system-out><![CDATA[23-06-2024T20:56:28 - [TEST_CASE][PASSED] - Test Cases/google 3: Test Cases/google 3

23-06-2024T20:56:29 - [TEST_STEP][PASSED] - openBrowser(""): Browser is opened with url: ''

23-06-2024T20:56:29 - [MESSAGE][INFO] - User set preference: ['os', 'windows']

23-06-2024T20:56:29 - [MESSAGE][INFO] - User set preference: ['browserVersion', '124']

23-06-2024T20:56:29 - [MESSAGE][INFO] - User set preference: ['browserName', 'chrome']

23-06-2024T20:56:29 - [MESSAGE][INFO] - User set preference: ['katalon:option', '{organizationId=1550862, usingTunnel=true}']

23-06-2024T20:56:29 - [MESSAGE][INFO] - Connecting to remote web server 'testcloud.katalon.com/hub' with type 'Selenium'

23-06-2024T20:56:29 - [MESSAGE][INFO] - Action delay is set to 0 milliseconds

23-06-2024T20:57:31 - [MESSAGE][PASSED] - Browser is opened with url: ''

23-06-2024T20:57:31 - [TEST_STEP][PASSED] - navigateToUrl("https://www.google.com/"): Navigate to 'https://www.google.com/' successfully

23-06-2024T20:57:35 - [MESSAGE][PASSED] - Navigate to 'https://www.google.com/' successfully

23-06-2024T20:57:35 - [TEST_STEP][PASSED] - verifyElementVisible(findTestObject("Object Repository/Page_Google/button_Khng, cm n")): Object 'Object Repository/Page_Google/button_Khng, cm n' is visible

23-06-2024T20:57:51 - [MESSAGE][PASSED] - Object 'Object Repository/Page_Google/button_Khng, cm n' is visible]]></system-out>
         <system-err><![CDATA[]]></system-err>
      </testcase>
      <system-out><![CDATA[23-06-2024T20:56:28 - [TEST_SUITE][PASSED] - New Test Suite (3): Test Cases/google 3]]></system-out>
      <system-err><![CDATA[]]></system-err>
   </testsuite>
</testsuites>
